[19May2025 00:01:04.782] [Server thread/WARN] [tombstone/]: The death event of the player 01Kevin10 was canceled by another mod
[19May2025 00:01:04.784] [Server thread/INFO] [tombstone/]: The player 01Kevin10 has successfully been saved
[19May2025 00:01:11.928] [Server thread/INFO] [net.minecraft.server.MinecraftServer/]: 01Kevin10 fell from a high place
[19May2025 00:01:38.838] [Server thread/INFO] [net.minecraft.server.MinecraftServer/]: s22e310 has completed the challenge [Overkill]
[19May2025 00:02:32.485] [Server thread/WARN] [tombstone/]: The death event of the player 01Kevin10 was canceled by another mod
[19May2025 00:02:32.487] [Server thread/INFO] [tombstone/]: The player 01Kevin10 has successfully been saved
[19May2025 00:02:38.786] [Server thread/INFO] [net.minecraft.server.MinecraftServer/]: 01Kevin10 burned to death
[19May2025 00:02:38.788] [Server thread/INFO] [com.tiviacz.travelersbackpack.TravelersBackpack/]: Created new backpack backup file for 01Kevin10 with unique ID travelersbackpack.standard_19.05.2025-00.02.38.dat
[19May2025 00:03:00.289] [Server thread/WARN] [net.minecraft.server.network.ServerGamePacketListenerImpl/]: 01Kevin10 was kicked for floating too long!
[19May2025 00:03:00.337] [Server thread/INFO] [net.minecraft.server.network.ServerGamePacketListenerImpl/]: 01Kevin10 lost connection: Flying is not enabled on this server
[19May2025 00:03:00.338] [Server thread/INFO] [net.minecraft.server.MinecraftServer/]: 01Kevin10 left the game
[19May2025 00:03:06.937] [Server thread/INFO] [net.minecraft.server.players.PlayerList/]: 01Kevin10[/127.217.144.138:50439] logged in with entity id 37111 at (41.88696931900348, 47.14483265870602, 93.38423594000295)
[19May2025 00:03:06.943] [Server thread/INFO] [net.minecraft.server.MinecraftServer/]: 01Kevin10 joined the game
[19May2025 00:03:57.894] [Server thread/INFO] [net.minecraft.server.MinecraftServer/]: ALEss0312 has made the advancement [A Seedy Place]
[19May2025 00:06:08.878] [Server thread/WARN] [tombstone/]: The death event of the player 01Kevin10 was canceled by another mod
[19May2025 00:06:08.879] [Server thread/INFO] [tombstone/]: The player 01Kevin10 has successfully been saved
[19May2025 00:06:09.830] [Server thread/WARN] [tombstone/]: The death event of the player s22e310 was canceled by another mod
[19May2025 00:06:09.831] [Server thread/INFO] [tombstone/]: The player s22e310 has successfully been saved
[19May2025 00:06:16.730] [Server thread/INFO] [net.minecraft.server.MinecraftServer/]: s22e310 was slain by ALEss0312
[19May2025 00:06:16.731] [Server thread/INFO] [com.tiviacz.travelersbackpack.TravelersBackpack/]: Created new backpack backup file for s22e310 with unique ID travelersbackpack.iron_19.05.2025-00.06.16.dat
[19May2025 00:06:16.734] [Server thread/INFO] [tombstone/]: The player s22e310 has successfully been saved
[19May2025 00:06:24.705] [Server thread/WARN] [tombstone/]: The death event of the player ALEss0312 was canceled by another mod
[19May2025 00:06:24.735] [Server thread/INFO] [tombstone/]: The player ALEss0312 has successfully been saved
[19May2025 00:06:33.188] [Server thread/INFO] [net.minecraft.server.MinecraftServer/]: ALEss0312 was slain by s22e310
[19May2025 00:06:33.191] [Server thread/INFO] [com.tiviacz.travelersbackpack.TravelersBackpack/]: Created new backpack backup file for ALEss0312 with unique ID travelersbackpack.standard_19.05.2025-00.06.33.dat
[19May2025 00:06:42.132] [Server thread/WARN] [tombstone/]: The death event of the player 01Kevin10 was canceled by another mod
[19May2025 00:06:42.134] [Server thread/INFO] [tombstone/]: The player 01Kevin10 has successfully been saved
[19May2025 00:06:44.682] [Server thread/WARN] [tombstone/]: The death event of the player s22e310 was canceled by another mod
[19May2025 00:06:44.683] [Server thread/INFO] [tombstone/]: The player s22e310 has successfully been saved
[19May2025 00:06:45.891] [Server thread/INFO] [net.minecraft.server.MinecraftServer/]: 01Kevin10 was slain by ALEss0312
[19May2025 00:06:45.892] [Server thread/INFO] [com.tiviacz.travelersbackpack.TravelersBackpack/]: Created new backpack backup file for 01Kevin10 with unique ID travelersbackpack.standard_19.05.2025-00.06.45.dat
[19May2025 00:06:45.896] [Server thread/INFO] [tombstone/]: The player 01Kevin10 has successfully been saved
[19May2025 00:06:51.935] [Server thread/INFO] [net.minecraft.server.MinecraftServer/]: s22e310 was slain by ALEss0312
[19May2025 00:06:51.936] [Server thread/INFO] [com.tiviacz.travelersbackpack.TravelersBackpack/]: Created new backpack backup file for s22e310 with unique ID travelersbackpack.iron_19.05.2025-00.06.51.dat
[19May2025 00:07:16.811] [Server thread/INFO] [com.esm.nightmare.MobBehavs.SpawnRideableMob/]: ESM - Init Rideable EntityEntity_Type and Jockey Lists...
[19May2025 00:07:19.109] [Server thread/INFO] [com.esm.nightmare.MobBehavs.SpawnRideableMob/]: ESM - Init Rideable EntityEntity_Type and Jockey Lists...
[19May2025 00:07:19.109] [Server thread/INFO] [com.esm.nightmare.MobBehavs.SpawnRideableMob/]: Spawning Jockey at: BlockPos{x=569, y=37, z=484}
[19May2025 00:07:19.110] [Server thread/INFO] [com.esm.nightmare.MobBehavs.SpawnRideableMob/]: ESM - Init Rideable EntityEntity_Type and Jockey Lists...
[19May2025 00:07:19.110] [Server thread/INFO] [com.esm.nightmare.MobBehavs.SpawnRideableMob/]: Spawning Jockey at: BlockPos{x=572, y=37, z=483}
[19May2025 00:07:19.373] [Server thread/INFO] [com.esm.nightmare.MobBehavs.SpawnRideableMob/]: ESM - Init Rideable EntityEntity_Type and Jockey Lists...
[19May2025 00:07:19.374] [Server thread/INFO] [com.esm.nightmare.MobBehavs.SpawnRideableMob/]: Spawning Jockey at: BlockPos{x=1172, y=113, z=466}
[19May2025 00:07:24.478] [Server thread/INFO] [com.esm.nightmare.MobBehavs.SpawnRideableMob/]: ESM - Init Rideable EntityEntity_Type and Jockey Lists...
[19May2025 00:07:24.478] [Server thread/INFO] [com.esm.nightmare.MobBehavs.SpawnRideableMob/]: Spawning Jockey at: BlockPos{x=1174, y=113, z=452}
[19May2025 00:07:26.491] [Server thread/WARN] [tombstone/]: The death event of the player ALEss0312 was canceled by another mod
[19May2025 00:07:26.493] [Server thread/INFO] [tombstone/]: The player ALEss0312 has successfully been saved
[19May2025 00:07:31.024] [Server thread/INFO] [com.esm.nightmare.MobBehavs.SpawnRideableMob/]: ESM - Init Rideable EntityEntity_Type and Jockey Lists...
[19May2025 00:07:31.024] [Server thread/INFO] [com.esm.nightmare.MobBehavs.SpawnRideableMob/]: Spawning Jockey at: BlockPos{x=1134, y=39, z=407}
[19May2025 00:07:35.823] [Server thread/INFO] [com.esm.nightmare.MobBehavs.SpawnRideableMob/]: ESM - Init Rideable EntityEntity_Type and Jockey Lists...
[19May2025 00:07:35.823] [Server thread/INFO] [com.esm.nightmare.MobBehavs.SpawnRideableMob/]: Spawning Jockey at: BlockPos{x=1139, y=71, z=411}
[19May2025 00:07:38.735] [Server thread/INFO] [net.minecraft.server.MinecraftServer/]: ALEss0312 was slain by s22e310
[19May2025 00:07:38.738] [Server thread/INFO] [com.tiviacz.travelersbackpack.TravelersBackpack/]: Created new backpack backup file for ALEss0312 with unique ID travelersbackpack.standard_19.05.2025-00.07.38.dat
[19May2025 00:07:44.927] [Server thread/INFO] [com.esm.nightmare.MobBehavs.SpawnRideableMob/]: ESM - Init Rideable EntityEntity_Type and Jockey Lists...
[19May2025 00:07:44.927] [Server thread/INFO] [com.esm.nightmare.MobBehavs.SpawnRideableMob/]: Spawning Jockey at: BlockPos{x=1332, y=94, z=535}
[19May2025 00:07:47.136] [Server thread/WARN] [tombstone/]: The death event of the player ALEss0312 was canceled by another mod
[19May2025 00:07:47.138] [Server thread/INFO] [tombstone/]: The player ALEss0312 has successfully been saved
[19May2025 00:07:54.149] [Server thread/INFO] [net.minecraft.server.MinecraftServer/]: ALEss0312 was slain by s22e310
[19May2025 00:07:55.709] [Server thread/INFO] [com.esm.nightmare.MobBehavs.SpawnRideableMob/]: ESM - Init Rideable EntityEntity_Type and Jockey Lists...
[19May2025 00:07:55.709] [Server thread/INFO] [com.esm.nightmare.MobBehavs.SpawnRideableMob/]: Spawning Jockey at: BlockPos{x=499, y=-13, z=549}
[19May2025 00:08:02.909] [Server thread/INFO] [com.esm.nightmare.MobBehavs.SpawnRideableMob/]: ESM - Init Rideable EntityEntity_Type and Jockey Lists...
[19May2025 00:08:02.909] [Server thread/INFO] [com.esm.nightmare.MobBehavs.SpawnRideableMob/]: Spawning Jockey at: BlockPos{x=614, y=-22, z=615}
[19May2025 00:08:05.359] [Server thread/INFO] [com.esm.nightmare.MobBehavs.SpawnRideableMob/]: ESM - Init Rideable EntityEntity_Type and Jockey Lists...
[19May2025 00:08:07.477] [Server thread/INFO] [com.esm.nightmare.MobBehavs.SpawnRideableMob/]: ESM - Init Rideable EntityEntity_Type and Jockey Lists...
[19May2025 00:08:07.477] [Server thread/INFO] [com.esm.nightmare.MobBehavs.SpawnRideableMob/]: Spawning Jockey at: BlockPos{x=1120, y=60, z=417}
[19May2025 00:08:08.923] [Server thread/INFO] [com.esm.nightmare.MobBehavs.SpawnRideableMob/]: ESM - Init Rideable EntityEntity_Type and Jockey Lists...
[19May2025 00:08:12.809] [Server thread/INFO] [com.esm.nightmare.MobBehavs.SpawnRideableMob/]: ESM - Init Rideable EntityEntity_Type and Jockey Lists...
[19May2025 00:08:15.911] [Server thread/INFO] [com.esm.nightmare.MobBehavs.SpawnRideableMob/]: ESM - Init Rideable EntityEntity_Type and Jockey Lists...
[19May2025 00:08:15.911] [Server thread/INFO] [com.esm.nightmare.MobBehavs.SpawnRideableMob/]: Spawning Jockey at: BlockPos{x=516, y=38, z=609}
[19May2025 00:08:15.934] [Server thread/INFO] [com.esm.nightmare.MobBehavs.SpawnRideableMob/]: ESM - Init Rideable EntityEntity_Type and Jockey Lists...
[19May2025 00:08:15.934] [Server thread/INFO] [com.esm.nightmare.MobBehavs.SpawnRideableMob/]: Spawning Jockey at: BlockPos{x=1171, y=64, z=438}
[19May2025 00:08:17.958] [Server thread/INFO] [com.esm.nightmare.MobBehavs.SpawnRideableMob/]: ESM - Init Rideable EntityEntity_Type and Jockey Lists...
[19May2025 00:08:17.959] [Server thread/INFO] [com.esm.nightmare.MobBehavs.SpawnRideableMob/]: Spawning Jockey at: BlockPos{x=555, y=43, z=483}
[19May2025 00:08:19.873] [Server thread/INFO] [com.esm.nightmare.MobBehavs.SpawnRideableMob/]: ESM - Init Rideable EntityEntity_Type and Jockey Lists...
[19May2025 00:08:19.873] [Server thread/INFO] [com.esm.nightmare.MobBehavs.SpawnRideableMob/]: Spawning Jockey at: BlockPos{x=1198, y=84, z=490}
[19May2025 00:08:22.559] [Server thread/INFO] [com.esm.nightmare.MobBehavs.SpawnRideableMob/]: ESM - Init Rideable EntityEntity_Type and Jockey Lists...
[19May2025 00:08:23.329] [Server thread/WARN] [tombstone/]: The death event of the player s22e310 was canceled by another mod
[19May2025 00:08:23.331] [Server thread/INFO] [tombstone/]: The player s22e310 has successfully been saved
[19May2025 00:08:24.081] [Server thread/INFO] [net.minecraft.server.MinecraftServer/]: s22e310 was slain by ALEss0312
[19May2025 00:08:24.082] [Server thread/INFO] [com.tiviacz.travelersbackpack.TravelersBackpack/]: Created new backpack backup file for s22e310 with unique ID travelersbackpack.iron_19.05.2025-00.08.24.dat
[19May2025 00:08:24.086] [Server thread/INFO] [tombstone/]: The player s22e310 has successfully been saved
[19May2025 00:08:24.310] [Server thread/INFO] [com.esm.nightmare.MobBehavs.SpawnRideableMob/]: ESM - Init Rideable EntityEntity_Type and Jockey Lists...
[19May2025 00:08:24.310] [Server thread/INFO] [com.esm.nightmare.MobBehavs.SpawnRideableMob/]: Spawning Jockey at: BlockPos{x=520, y=25, z=648}
[19May2025 00:08:26.108] [Server thread/INFO] [com.esm.nightmare.MobBehavs.SpawnRideableMob/]: ESM - Init Rideable EntityEntity_Type and Jockey Lists...
[19May2025 00:08:26.108] [Server thread/INFO] [com.esm.nightmare.MobBehavs.SpawnRideableMob/]: Spawning Jockey at: BlockPos{x=455, y=11, z=569}
[19May2025 00:08:29.827] [Server thread/INFO] [com.esm.nightmare.MobBehavs.SpawnRideableMob/]: ESM - Init Rideable EntityEntity_Type and Jockey Lists...
[19May2025 00:08:29.827] [Server thread/INFO] [com.esm.nightmare.MobBehavs.SpawnRideableMob/]: Spawning Jockey at: BlockPos{x=1127, y=61, z=372}
[19May2025 00:08:29.957] [Server thread/INFO] [com.esm.nightmare.MobBehavs.SpawnRideableMob/]: ESM - Init Rideable EntityEntity_Type and Jockey Lists...
[19May2025 00:08:29.958] [Server thread/INFO] [com.esm.nightmare.MobBehavs.SpawnRideableMob/]: Spawning Jockey at: BlockPos{x=505, y=47, z=550}
[19May2025 00:08:30.032] [Server thread/WARN] [tombstone/]: The death event of the player ALEss0312 was canceled by another mod
[19May2025 00:08:30.033] [Server thread/INFO] [tombstone/]: The player ALEss0312 has successfully been saved
[19May2025 00:08:30.060] [Server thread/INFO] [com.esm.nightmare.MobBehavs.SpawnRideableMob/]: ESM - Init Rideable EntityEntity_Type and Jockey Lists...
[19May2025 00:08:30.060] [Server thread/INFO] [com.esm.nightmare.MobBehavs.SpawnRideableMob/]: Spawning Jockey at: BlockPos{x=498, y=24, z=660}
[19May2025 00:08:36.360] [Server thread/INFO] [com.esm.nightmare.MobBehavs.SpawnRideableMob/]: ESM - Init Rideable EntityEntity_Type and Jockey Lists...
[19May2025 00:08:36.360] [Server thread/INFO] [com.esm.nightmare.MobBehavs.SpawnRideableMob/]: Spawning Jockey at: BlockPos{x=565, y=-17, z=599}
[19May2025 00:08:37.631] [Server thread/INFO] [net.minecraft.server.MinecraftServer/]: ALEss0312 was slain by 01Kevin10
[19May2025 00:08:41.141] [Server thread/WARN] [tombstone/]: The death event of the player s22e310 was canceled by another mod
[19May2025 00:08:41.143] [Server thread/INFO] [tombstone/]: The player s22e310 has successfully been saved
[19May2025 00:08:43.732] [Server thread/INFO] [net.minecraft.server.MinecraftServer/]: s22e310 was slain by 01Kevin10
[19May2025 00:08:43.733] [Server thread/INFO] [com.tiviacz.travelersbackpack.TravelersBackpack/]: Created new backpack backup file for s22e310 with unique ID travelersbackpack.iron_19.05.2025-00.08.43.dat
[19May2025 00:08:43.736] [Server thread/INFO] [tombstone/]: The player s22e310 has successfully been saved
[19May2025 00:08:45.024] [Server thread/INFO] [com.esm.nightmare.MobBehavs.SpawnRideableMob/]: ESM - Init Rideable EntityEntity_Type and Jockey Lists...
[19May2025 00:08:45.024] [Server thread/INFO] [com.esm.nightmare.MobBehavs.SpawnRideableMob/]: Spawning Jockey at: BlockPos{x=541, y=43, z=506}
[19May2025 00:08:48.110] [Server thread/INFO] [com.esm.nightmare.MobBehavs.SpawnRideableMob/]: ESM - Init Rideable EntityEntity_Type and Jockey Lists...
[19May2025 00:08:48.110] [Server thread/INFO] [com.esm.nightmare.MobBehavs.SpawnRideableMob/]: Spawning Jockey at: BlockPos{x=479, y=110, z=550}
[19May2025 00:08:52.935] [Server thread/WARN] [tombstone/]: The death event of the player ALEss0312 was canceled by another mod
[19May2025 00:08:52.936] [Server thread/INFO] [tombstone/]: The player ALEss0312 has successfully been saved
[19May2025 00:08:54.352] [Server thread/INFO] [net.minecraft.server.MinecraftServer/]: ALEss0312 was slain by 01Kevin10
[19May2025 00:08:54.353] [Server thread/INFO] [tombstone/]: The player ALEss0312 has successfully been saved
[19May2025 00:08:54.859] [Server thread/INFO] [com.esm.nightmare.MobBehavs.SpawnRideableMob/]: ESM - Init Rideable EntityEntity_Type and Jockey Lists...
[19May2025 00:08:54.859] [Server thread/INFO] [com.esm.nightmare.MobBehavs.SpawnRideableMob/]: Spawning Jockey at: BlockPos{x=947, y=77, z=928}
[19May2025 00:08:56.310] [Server thread/INFO] [com.esm.nightmare.MobBehavs.SpawnRideableMob/]: ESM - Init Rideable EntityEntity_Type and Jockey Lists...
[19May2025 00:08:56.310] [Server thread/INFO] [com.esm.nightmare.MobBehavs.SpawnRideableMob/]: Spawning Jockey at: BlockPos{x=493, y=23, z=660}
[19May2025 00:08:56.993] [Server thread/WARN] [tombstone/]: The death event of the player 01Kevin10 was canceled by another mod
[19May2025 00:08:56.994] [Server thread/INFO] [tombstone/]: The player 01Kevin10 has successfully been saved
[19May2025 00:09:00.241] [Server thread/INFO] [net.minecraft.server.MinecraftServer/]: 01Kevin10 was slain by ALEss0312
[19May2025 00:09:00.242] [Server thread/INFO] [com.tiviacz.travelersbackpack.TravelersBackpack/]: Created new backpack backup file for 01Kevin10 with unique ID travelersbackpack.standard_19.05.2025-00.09.00.dat
[19May2025 00:09:00.245] [Server thread/INFO] [tombstone/]: The player 01Kevin10 has successfully been saved
[19May2025 00:09:08.630] [Server thread/WARN] [tombstone/]: The death event of the player ALEss0312 was canceled by another mod
[19May2025 00:09:08.631] [Server thread/INFO] [tombstone/]: The player ALEss0312 has successfully been saved
[19May2025 00:09:09.581] [Server thread/INFO] [net.minecraft.server.MinecraftServer/]: ALEss0312 was slain by s22e310
[19May2025 00:09:09.584] [Server thread/INFO] [tombstone/]: The player ALEss0312 has successfully been saved
[19May2025 00:09:13.708] [Server thread/INFO] [com.esm.nightmare.MobBehavs.SpawnRideableMob/]: ESM - Init Rideable EntityEntity_Type and Jockey Lists...
[19May2025 00:09:13.911] [Server thread/INFO] [com.esm.nightmare.MobBehavs.SpawnRideableMob/]: ESM - Init Rideable EntityEntity_Type and Jockey Lists...
[19May2025 00:09:16.409] [Server thread/INFO] [com.esm.nightmare.MobBehavs.SpawnRideableMob/]: ESM - Init Rideable EntityEntity_Type and Jockey Lists...
[19May2025 00:09:16.409] [Server thread/INFO] [com.esm.nightmare.MobBehavs.SpawnRideableMob/]: Spawning Jockey at: BlockPos{x=595, y=-25, z=569}
[19May2025 00:09:18.059] [Server thread/INFO] [com.esm.nightmare.MobBehavs.SpawnRideableMob/]: ESM - Init Rideable EntityEntity_Type and Jockey Lists...
[19May2025 00:09:18.059] [Server thread/INFO] [com.esm.nightmare.MobBehavs.SpawnRideableMob/]: Spawning Jockey at: BlockPos{x=562, y=-5, z=496}
[19May2025 00:09:33.744] [Server thread/WARN] [tombstone/]: The death event of the player s22e310 was canceled by another mod
[19May2025 00:09:33.746] [Server thread/INFO] [tombstone/]: The player s22e310 has successfully been saved
[19May2025 00:09:38.345] [Server thread/INFO] [net.minecraft.server.MinecraftServer/]: s22e310 was slain by 01Kevin10
[19May2025 00:09:38.346] [Server thread/INFO] [com.tiviacz.travelersbackpack.TravelersBackpack/]: Created new backpack backup file for s22e310 with unique ID travelersbackpack.iron_19.05.2025-00.09.38.dat
[19May2025 00:09:38.348] [Server thread/INFO] [tombstone/]: The player s22e310 has successfully been saved
[19May2025 00:09:42.478] [Server thread/INFO] [com.esm.nightmare.MobBehavs.SpawnRideableMob/]: ESM - Init Rideable EntityEntity_Type and Jockey Lists...
[19May2025 00:09:42.478] [Server thread/INFO] [com.esm.nightmare.MobBehavs.SpawnRideableMob/]: Spawning Jockey at: BlockPos{x=1180, y=76, z=446}
[19May2025 00:09:45.397] [Server thread/WARN] [tombstone/]: The death event of the player ALEss0312 was canceled by another mod
[19May2025 00:09:45.399] [Server thread/INFO] [tombstone/]: The player ALEss0312 has successfully been saved
[19May2025 00:09:45.975] [Server thread/INFO] [com.esm.nightmare.MobBehavs.SpawnRideableMob/]: ESM - Init Rideable EntityEntity_Type and Jockey Lists...
[19May2025 00:09:45.975] [Server thread/INFO] [com.esm.nightmare.MobBehavs.SpawnRideableMob/]: Spawning Jockey at: BlockPos{x=1176, y=73, z=440}
[19May2025 00:09:45.976] [Server thread/INFO] [com.esm.nightmare.MobBehavs.SpawnRideableMob/]: ESM - Init Rideable EntityEntity_Type and Jockey Lists...
[19May2025 00:09:45.976] [Server thread/INFO] [com.esm.nightmare.MobBehavs.SpawnRideableMob/]: Spawning Jockey at: BlockPos{x=1176, y=73, z=443}
[19May2025 00:09:48.531] [Server thread/INFO] [net.minecraft.server.network.ServerGamePacketListenerImpl/]: ALEss0312 lost connection: Disconnected
[19May2025 00:09:48.538] [Server thread/INFO] [net.minecraft.server.MinecraftServer/]: ALEss0312 left the game
[19May2025 00:09:48.538] [Server thread/INFO] [net.minecraft.server.MinecraftServer/]: ALEss0312 was slain by 01Kevin10
[19May2025 00:09:48.542] [Server thread/INFO] [com.tiviacz.travelersbackpack.TravelersBackpack/]: Created new backpack backup file for ALEss0312 with unique ID travelersbackpack.standard_19.05.2025-00.09.48.dat
[19May2025 00:09:56.232] [Server thread/WARN] [tombstone/]: The death event of the player s22e310 was canceled by another mod
[19May2025 00:09:56.234] [Server thread/INFO] [tombstone/]: The player s22e310 has successfully been saved
[19May2025 00:10:01.984] [Server thread/INFO] [net.minecraft.server.MinecraftServer/]: s22e310 was slain by 01Kevin10
[19May2025 00:10:01.986] [Server thread/INFO] [com.tiviacz.travelersbackpack.TravelersBackpack/]: Created new backpack backup file for s22e310 with unique ID travelersbackpack.iron_19.05.2025-00.10.01.dat
[19May2025 00:10:02.508] [Server thread/INFO] [com.esm.nightmare.MobBehavs.SpawnRideableMob/]: ESM - Init Rideable EntityEntity_Type and Jockey Lists...
[19May2025 00:10:02.508] [Server thread/INFO] [com.esm.nightmare.MobBehavs.SpawnRideableMob/]: Spawning Jockey at: BlockPos{x=608, y=11, z=501}
[19May2025 00:10:05.308] [Server thread/INFO] [com.esm.nightmare.MobBehavs.SpawnRideableMob/]: ESM - Init Rideable EntityEntity_Type and Jockey Lists...
[19May2025 00:10:05.309] [Server thread/INFO] [com.esm.nightmare.MobBehavs.SpawnRideableMob/]: Spawning Jockey at: BlockPos{x=517, y=-17, z=522}
[19May2025 00:10:13.031] [Server thread/INFO] [net.minecraft.server.MinecraftServer/]: s22e310 has reached the goal [A Fast Comeback]
[19May2025 00:10:29.410] [Server thread/INFO] [com.esm.nightmare.MobBehavs.SpawnRideableMob/]: ESM - Init Rideable EntityEntity_Type and Jockey Lists...
[19May2025 00:10:29.411] [Server thread/INFO] [com.esm.nightmare.MobBehavs.SpawnRideableMob/]: Spawning Jockey at: BlockPos{x=471, y=29, z=669}
[19May2025 00:10:42.210] [Server thread/INFO] [com.esm.nightmare.MobBehavs.SpawnRideableMob/]: ESM - Init Rideable EntityEntity_Type and Jockey Lists...
[19May2025 00:10:42.210] [Server thread/INFO] [com.esm.nightmare.MobBehavs.SpawnRideableMob/]: Spawning Jockey at: BlockPos{x=497, y=16, z=669}
[19May2025 00:10:42.657] [Server thread/INFO] [com.esm.nightmare.MobBehavs.SpawnRideableMob/]: ESM - Init Rideable EntityEntity_Type and Jockey Lists...
[19May2025 00:10:42.657] [Server thread/INFO] [com.esm.nightmare.MobBehavs.SpawnRideableMob/]: Spawning Jockey at: BlockPos{x=504, y=36, z=500}
[19May2025 00:10:50.260] [Server thread/INFO] [com.esm.nightmare.MobBehavs.SpawnRideableMob/]: ESM - Init Rideable EntityEntity_Type and Jockey Lists...
[19May2025 00:10:50.260] [Server thread/INFO] [com.esm.nightmare.MobBehavs.SpawnRideableMob/]: Spawning Jockey at: BlockPos{x=598, y=21, z=704}
[19May2025 00:10:50.961] [Server thread/INFO] [com.esm.nightmare.MobBehavs.SpawnRideableMob/]: ESM - Init Rideable EntityEntity_Type and Jockey Lists...
[19May2025 00:10:57.310] [Server thread/INFO] [com.esm.nightmare.MobBehavs.SpawnRideableMob/]: ESM - Init Rideable EntityEntity_Type and Jockey Lists...
[19May2025 00:10:57.311] [Server thread/INFO] [com.esm.nightmare.MobBehavs.SpawnRideableMob/]: Spawning Jockey at: BlockPos{x=505, y=24, z=658}
[19May2025 00:10:58.359] [Server thread/INFO] [com.esm.nightmare.MobBehavs.SpawnRideableMob/]: ESM - Init Rideable EntityEntity_Type and Jockey Lists...
[19May2025 00:11:14.957] [Server thread/INFO] [com.esm.nightmare.MobBehavs.SpawnRideableMob/]: ESM - Init Rideable EntityEntity_Type and Jockey Lists...
[19May2025 00:11:27.058] [Server thread/INFO] [com.esm.nightmare.MobBehavs.SpawnRideableMob/]: ESM - Init Rideable EntityEntity_Type and Jockey Lists...
[19May2025 00:11:27.059] [Server thread/INFO] [com.esm.nightmare.MobBehavs.SpawnRideableMob/]: Spawning Jockey at: BlockPos{x=638, y=67, z=642}
[19May2025 00:11:29.659] [Server thread/INFO] [com.esm.nightmare.MobBehavs.SpawnRideableMob/]: ESM - Init Rideable EntityEntity_Type and Jockey Lists...
[19May2025 00:11:29.659] [Server thread/INFO] [com.esm.nightmare.MobBehavs.SpawnRideableMob/]: Spawning Jockey at: BlockPos{x=935, y=74, z=1110}
[19May2025 00:11:42.530] [Server thread/WARN] [net.minecraft.server.network.ServerGamePacketListenerImpl/]: 01Kevin10 moved wrongly!
[19May2025 00:11:45.322] [Server thread/INFO] [com.esm.nightmare.MobBehavs.SpawnRideableMob/]: ESM - Init Rideable EntityEntity_Type and Jockey Lists...
[19May2025 00:11:45.322] [Server thread/INFO] [com.esm.nightmare.MobBehavs.SpawnRideableMob/]: Spawning Jockey at: BlockPos{x=1039, y=90, z=249}
[19May2025 00:11:45.576] [Server thread/INFO] [com.esm.nightmare.MobBehavs.SpawnRideableMob/]: ESM - Init Rideable EntityEntity_Type and Jockey Lists...
[19May2025 00:11:45.576] [Server thread/INFO] [com.esm.nightmare.MobBehavs.SpawnRideableMob/]: Spawning Jockey at: BlockPos{x=1137, y=37, z=392}
[19May2025 00:11:46.376] [Server thread/INFO] [com.esm.nightmare.MobBehavs.SpawnRideableMob/]: ESM - Init Rideable EntityEntity_Type and Jockey Lists...
[19May2025 00:11:46.377] [Server thread/INFO] [com.esm.nightmare.MobBehavs.SpawnRideableMob/]: Spawning Jockey at: BlockPos{x=1103, y=33, z=288}
[19May2025 00:11:47.357] [Server thread/INFO] [com.esm.nightmare.MobBehavs.SpawnRideableMob/]: ESM - Init Rideable EntityEntity_Type and Jockey Lists...
[19May2025 00:11:47.358] [Server thread/INFO] [com.esm.nightmare.MobBehavs.SpawnRideableMob/]: Spawning Jockey at: BlockPos{x=598, y=11, z=504}
[19May2025 00:11:47.458] [Server thread/INFO] [com.esm.nightmare.MobBehavs.SpawnRideableMob/]: ESM - Init Rideable EntityEntity_Type and Jockey Lists...
[19May2025 00:11:47.459] [Server thread/INFO] [com.esm.nightmare.MobBehavs.SpawnRideableMob/]: Spawning Jockey at: BlockPos{x=569, y=-8, z=576}
[19May2025 00:11:48.761] [Server thread/INFO] [com.esm.nightmare.MobBehavs.SpawnRideableMob/]: ESM - Init Rideable EntityEntity_Type and Jockey Lists...
[19May2025 00:11:48.761] [Server thread/INFO] [com.esm.nightmare.MobBehavs.SpawnRideableMob/]: Spawning Jockey at: BlockPos{x=533, y=18, z=680}
[19May2025 00:11:52.011] [Server thread/INFO] [com.esm.nightmare.MobBehavs.SpawnRideableMob/]: ESM - Init Rideable EntityEntity_Type and Jockey Lists...
[19May2025 00:11:52.011] [Server thread/INFO] [com.esm.nightmare.MobBehavs.SpawnRideableMob/]: ESM - Init Rideable EntityEntity_Type and Jockey Lists...
[19May2025 00:11:52.011] [Server thread/INFO] [com.esm.nightmare.MobBehavs.SpawnRideableMob/]: Spawning Jockey at: BlockPos{x=556, y=-26, z=599}
[19May2025 00:11:54.308] [Server thread/INFO] [com.esm.nightmare.MobBehavs.SpawnRideableMob/]: ESM - Init Rideable EntityEntity_Type and Jockey Lists...
[19May2025 00:11:54.308] [Server thread/INFO] [com.esm.nightmare.MobBehavs.SpawnRideableMob/]: Spawning Jockey at: BlockPos{x=531, y=45, z=497}
[19May2025 00:11:59.157] [Server thread/INFO] [com.esm.nightmare.MobBehavs.SpawnRideableMob/]: ESM - Init Rideable EntityEntity_Type and Jockey Lists...
[19May2025 00:11:59.158] [Server thread/INFO] [com.esm.nightmare.MobBehavs.SpawnRideableMob/]: Spawning Jockey at: BlockPos{x=514, y=-50, z=549}
[19May2025 00:12:00.673] [Server thread/INFO] [com.esm.nightmare.MobBehavs.SpawnRideableMob/]: ESM - Init Rideable EntityEntity_Type and Jockey Lists...
[19May2025 00:12:00.673] [Server thread/INFO] [com.esm.nightmare.MobBehavs.SpawnRideableMob/]: Spawning Jockey at: BlockPos{x=991, y=49, z=287}
[19May2025 00:12:01.358] [Server thread/INFO] [com.esm.nightmare.MobBehavs.SpawnRideableMob/]: ESM - Init Rideable EntityEntity_Type and Jockey Lists...
[19May2025 00:12:01.358] [Server thread/INFO] [com.esm.nightmare.MobBehavs.SpawnRideableMob/]: Spawning Jockey at: BlockPos{x=473, y=-8, z=563}
[19May2025 00:12:07.822] [Server thread/INFO] [com.esm.nightmare.MobBehavs.SpawnRideableMob/]: ESM - Init Rideable EntityEntity_Type and Jockey Lists...
[19May2025 00:12:07.822] [Server thread/INFO] [com.esm.nightmare.MobBehavs.SpawnRideableMob/]: Spawning Jockey at: BlockPos{x=1142, y=37, z=385}
[19May2025 00:12:12.208] [Server thread/INFO] [com.esm.nightmare.MobBehavs.SpawnRideableMob/]: ESM - Init Rideable EntityEntity_Type and Jockey Lists...
[19May2025 00:12:12.209] [Server thread/INFO] [com.esm.nightmare.MobBehavs.SpawnRideableMob/]: Spawning Jockey at: BlockPos{x=587, y=11, z=511}
[19May2025 00:12:18.062] [Server thread/INFO] [com.esm.nightmare.MobBehavs.SpawnRideableMob/]: ESM - Init Rideable EntityEntity_Type and Jockey Lists...
[19May2025 00:12:18.062] [Server thread/INFO] [com.esm.nightmare.MobBehavs.SpawnRideableMob/]: Spawning Jockey at: BlockPos{x=507, y=-33, z=618}
[19May2025 00:12:22.510] [Server thread/INFO] [com.esm.nightmare.MobBehavs.SpawnRideableMob/]: ESM - Init Rideable EntityEntity_Type and Jockey Lists...
[19May2025 00:12:22.511] [Server thread/INFO] [com.esm.nightmare.MobBehavs.SpawnRideableMob/]: Spawning Jockey at: BlockPos{x=557, y=-6, z=591}
[19May2025 00:12:27.122] [Server thread/INFO] [com.esm.nightmare.MobBehavs.SpawnRideableMob/]: ESM - Init Rideable EntityEntity_Type and Jockey Lists...
[19May2025 00:12:27.123] [Server thread/INFO] [com.esm.nightmare.MobBehavs.SpawnRideableMob/]: Spawning Jockey at: BlockPos{x=1195, y=52, z=255}
[19May2025 00:12:27.260] [Server thread/INFO] [com.esm.nightmare.MobBehavs.SpawnRideableMob/]: ESM - Init Rideable EntityEntity_Type and Jockey Lists...
[19May2025 00:12:27.260] [Server thread/INFO] [com.esm.nightmare.MobBehavs.SpawnRideableMob/]: Spawning Jockey at: BlockPos{x=561, y=13, z=704}
[19May2025 00:12:33.911] [Server thread/INFO] [com.esm.nightmare.MobBehavs.SpawnRideableMob/]: ESM - Init Rideable EntityEntity_Type and Jockey Lists...
[19May2025 00:12:33.911] [Server thread/INFO] [com.esm.nightmare.MobBehavs.SpawnRideableMob/]: Spawning Jockey at: BlockPos{x=593, y=-32, z=629}
[19May2025 00:12:43.709] [Server thread/INFO] [com.esm.nightmare.MobBehavs.SpawnRideableMob/]: ESM - Init Rideable EntityEntity_Type and Jockey Lists...
[19May2025 00:12:43.710] [Server thread/INFO] [com.esm.nightmare.MobBehavs.SpawnRideableMob/]: Spawning Jockey at: BlockPos{x=919, y=81, z=1033}
[19May2025 00:12:47.024] [Server thread/INFO] [com.esm.nightmare.MobBehavs.SpawnRideableMob/]: ESM - Init Rideable EntityEntity_Type and Jockey Lists...
[19May2025 00:12:47.025] [Server thread/INFO] [com.esm.nightmare.MobBehavs.SpawnRideableMob/]: Spawning Jockey at: BlockPos{x=1128, y=44, z=226}
[19May2025 00:12:48.509] [Server thread/INFO] [com.esm.nightmare.MobBehavs.SpawnRideableMob/]: ESM - Init Rideable EntityEntity_Type and Jockey Lists...
[19May2025 00:12:48.509] [Server thread/INFO] [com.esm.nightmare.MobBehavs.SpawnRideableMob/]: Spawning Jockey at: BlockPos{x=558, y=-8, z=573}
[19May2025 00:12:48.509] [Server thread/INFO] [com.esm.nightmare.MobBehavs.SpawnRideableMob/]: ESM - Init Rideable EntityEntity_Type and Jockey Lists...
[19May2025 00:12:48.510] [Server thread/INFO] [com.esm.nightmare.MobBehavs.SpawnRideableMob/]: Spawning Jockey at: BlockPos{x=559, y=-8, z=571}
[19May2025 00:12:49.010] [Server thread/INFO] [com.esm.nightmare.MobBehavs.SpawnRideableMob/]: ESM - Init Rideable EntityEntity_Type and Jockey Lists...
[19May2025 00:12:52.775] [Server thread/INFO] [com.esm.nightmare.MobBehavs.SpawnRideableMob/]: ESM - Init Rideable EntityEntity_Type and Jockey Lists...
[19May2025 00:12:52.775] [Server thread/INFO] [com.esm.nightmare.MobBehavs.SpawnRideableMob/]: Spawning Jockey at: BlockPos{x=1109, y=59, z=370}
[19May2025 00:12:53.478] [Server thread/INFO] [com.esm.nightmare.MobBehavs.SpawnRideableMob/]: ESM - Init Rideable EntityEntity_Type and Jockey Lists...
[19May2025 00:12:53.478] [Server thread/INFO] [com.esm.nightmare.MobBehavs.SpawnRideableMob/]: Spawning Jockey at: BlockPos{x=1133, y=44, z=228}
[19May2025 00:12:55.258] [Server thread/INFO] [com.esm.nightmare.MobBehavs.SpawnRideableMob/]: ESM - Init Rideable EntityEntity_Type and Jockey Lists...
[19May2025 00:12:55.259] [Server thread/INFO] [com.esm.nightmare.MobBehavs.SpawnRideableMob/]: Spawning Jockey at: BlockPos{x=648, y=68, z=676}
[19May2025 00:12:56.475] [Server thread/INFO] [com.esm.nightmare.MobBehavs.SpawnRideableMob/]: ESM - Init Rideable EntityEntity_Type and Jockey Lists...
[19May2025 00:12:56.475] [Server thread/INFO] [com.esm.nightmare.MobBehavs.SpawnRideableMob/]: Spawning Jockey at: BlockPos{x=1109, y=87, z=347}
[19May2025 00:13:02.810] [Server thread/INFO] [com.esm.nightmare.MobBehavs.SpawnRideableMob/]: ESM - Init Rideable EntityEntity_Type and Jockey Lists...
[19May2025 00:13:02.810] [Server thread/INFO] [com.esm.nightmare.MobBehavs.SpawnRideableMob/]: Spawning Jockey at: BlockPos{x=476, y=99, z=642}
[19May2025 00:13:12.026] [Server thread/INFO] [com.esm.nightmare.MobBehavs.SpawnRideableMob/]: ESM - Init Rideable EntityEntity_Type and Jockey Lists...
[19May2025 00:13:12.026] [Server thread/INFO] [com.esm.nightmare.MobBehavs.SpawnRideableMob/]: Spawning Jockey at: BlockPos{x=1038, y=41, z=350}
[19May2025 00:13:13.460] [Server thread/INFO] [com.esm.nightmare.MobBehavs.SpawnRideableMob/]: ESM - Init Rideable EntityEntity_Type and Jockey Lists...
[19May2025 00:13:15.427] [Server thread/INFO] [com.esm.nightmare.MobBehavs.SpawnRideableMob/]: ESM - Init Rideable EntityEntity_Type and Jockey Lists...
[19May2025 00:13:15.427] [Server thread/INFO] [com.esm.nightmare.MobBehavs.SpawnRideableMob/]: Spawning Jockey at: BlockPos{x=1211, y=41, z=238}
[19May2025 00:13:16.108] [Server thread/INFO] [com.esm.nightmare.MobBehavs.SpawnRideableMob/]: ESM - Init Rideable EntityEntity_Type and Jockey Lists...
[19May2025 00:13:16.109] [Server thread/INFO] [com.esm.nightmare.MobBehavs.SpawnRideableMob/]: ESM - Init Rideable EntityEntity_Type and Jockey Lists...
[19May2025 00:13:24.761] [Server thread/INFO] [com.esm.nightmare.MobBehavs.SpawnRideableMob/]: ESM - Init Rideable EntityEntity_Type and Jockey Lists...
[19May2025 00:13:24.761] [Server thread/INFO] [com.esm.nightmare.MobBehavs.SpawnRideableMob/]: Spawning Jockey at: BlockPos{x=475, y=1, z=578}
[19May2025 00:13:28.461] [Server thread/INFO] [com.esm.nightmare.MobBehavs.SpawnRideableMob/]: ESM - Init Rideable EntityEntity_Type and Jockey Lists...
[19May2025 00:13:28.462] [Server thread/INFO] [com.esm.nightmare.MobBehavs.SpawnRideableMob/]: Spawning Jockey at: BlockPos{x=511, y=-35, z=619}
[19May2025 00:13:30.174] [Server thread/INFO] [com.esm.nightmare.MobBehavs.SpawnRideableMob/]: ESM - Init Rideable EntityEntity_Type and Jockey Lists...
[19May2025 00:13:30.174] [Server thread/INFO] [com.esm.nightmare.MobBehavs.SpawnRideableMob/]: Spawning Jockey at: BlockPos{x=1205, y=41, z=223}
[19May2025 00:13:39.809] [Server thread/INFO] [com.esm.nightmare.MobBehavs.SpawnRideableMob/]: ESM - Init Rideable EntityEntity_Type and Jockey Lists...
[19May2025 00:13:39.809] [Server thread/INFO] [com.esm.nightmare.MobBehavs.SpawnRideableMob/]: Spawning Jockey at: BlockPos{x=459, y=9, z=564}
[19May2025 00:13:40.757] [Server thread/INFO] [com.esm.nightmare.MobBehavs.SpawnRideableMob/]: ESM - Init Rideable EntityEntity_Type and Jockey Lists...
[19May2025 00:13:40.757] [Server thread/INFO] [com.esm.nightmare.MobBehavs.SpawnRideableMob/]: Spawning Jockey at: BlockPos{x=527, y=36, z=505}
[19May2025 00:13:40.809] [Server thread/INFO] [com.esm.nightmare.MobBehavs.SpawnRideableMob/]: ESM - Init Rideable EntityEntity_Type and Jockey Lists...
[19May2025 00:13:40.809] [Server thread/INFO] [com.esm.nightmare.MobBehavs.SpawnRideableMob/]: Spawning Jockey at: BlockPos{x=466, y=42, z=549}
[19May2025 00:13:41.885] [Server thread/WARN] [net.minecraft.server.network.ServerGamePacketListenerImpl/]: 01Kevin10 moved wrongly!
[19May2025 00:13:46.174] [Server thread/WARN] [net.minecraft.server.network.ServerGamePacketListenerImpl/]: 01Kevin10 moved wrongly!
[19May2025 00:13:46.360] [Server thread/INFO] [com.esm.nightmare.MobBehavs.SpawnRideableMob/]: ESM - Init Rideable EntityEntity_Type and Jockey Lists...
[19May2025 00:13:46.360] [Server thread/INFO] [com.esm.nightmare.MobBehavs.SpawnRideableMob/]: Spawning Jockey at: BlockPos{x=467, y=29, z=671}
[19May2025 00:13:47.110] [Server thread/INFO] [com.esm.nightmare.MobBehavs.SpawnRideableMob/]: ESM - Init Rideable EntityEntity_Type and Jockey Lists...
[19May2025 00:13:47.283] [Server thread/WARN] [tombstone/]: The death event of the player s22e310 was canceled by another mod
[19May2025 00:13:47.284] [Server thread/INFO] [tombstone/]: The player s22e310 has successfully been saved
[19May2025 00:13:53.088] [Server thread/INFO] [net.minecraft.server.MinecraftServer/]: s22e310 was slain by 01Kevin10
[19May2025 00:13:53.089] [Server thread/INFO] [com.tiviacz.travelersbackpack.TravelersBackpack/]: Created new backpack backup file for s22e310 with unique ID travelersbackpack.iron_19.05.2025-00.13.53.dat
[19May2025 00:13:54.258] [Server thread/INFO] [com.esm.nightmare.MobBehavs.SpawnRideableMob/]: ESM - Init Rideable EntityEntity_Type and Jockey Lists...
[19May2025 00:13:54.259] [Server thread/INFO] [com.esm.nightmare.MobBehavs.SpawnRideableMob/]: Spawning Jockey at: BlockPos{x=911, y=64, z=1076}
[19May2025 00:13:55.773] [Server thread/INFO] [com.esm.nightmare.MobBehavs.SpawnRideableMob/]: ESM - Init Rideable EntityEntity_Type and Jockey Lists...
[19May2025 00:13:55.773] [Server thread/INFO] [com.esm.nightmare.MobBehavs.SpawnRideableMob/]: Spawning Jockey at: BlockPos{x=1049, y=42, z=348}
[19May2025 00:14:01.660] [Server thread/INFO] [com.esm.nightmare.MobBehavs.SpawnRideableMob/]: ESM - Init Rideable EntityEntity_Type and Jockey Lists...
[19May2025 00:14:01.660] [Server thread/INFO] [com.esm.nightmare.MobBehavs.SpawnRideableMob/]: Spawning Jockey at: BlockPos{x=949, y=74, z=1097}
[19May2025 00:14:12.782] [Server thread/WARN] [tombstone/]: The death event of the player s22e310 was canceled by another mod
[19May2025 00:14:12.784] [Server thread/INFO] [tombstone/]: The player s22e310 has successfully been saved
[19May2025 00:14:14.282] [Server thread/INFO] [net.minecraft.server.MinecraftServer/]: s22e310 was slain by 01Kevin10
[19May2025 00:14:14.283] [Server thread/INFO] [com.tiviacz.travelersbackpack.TravelersBackpack/]: Created new backpack backup file for s22e310 with unique ID travelersbackpack.iron_19.05.2025-00.14.14.dat
[19May2025 00:14:14.284] [Server thread/INFO] [tombstone/]: The player s22e310 has successfully been saved
[19May2025 00:14:15.682] [Server thread/INFO] [com.esm.nightmare.MobBehavs.SpawnRideableMob/]: ESM - Init Rideable EntityEntity_Type and Jockey Lists...
[19May2025 00:14:15.682] [Server thread/INFO] [com.esm.nightmare.MobBehavs.SpawnRideableMob/]: Spawning Jockey at: BlockPos{x=516, y=28, z=589}
[19May2025 00:14:15.682] [Server thread/INFO] [com.esm.nightmare.MobBehavs.SpawnRideableMob/]: ESM - Init Rideable EntityEntity_Type and Jockey Lists...
[19May2025 00:14:15.683] [Server thread/INFO] [com.esm.nightmare.MobBehavs.SpawnRideableMob/]: Spawning Jockey at: BlockPos{x=516, y=28, z=589}
[19May2025 00:14:15.809] [Server thread/INFO] [com.esm.nightmare.MobBehavs.SpawnRideableMob/]: ESM - Init Rideable EntityEntity_Type and Jockey Lists...
[19May2025 00:14:15.810] [Server thread/INFO] [com.esm.nightmare.MobBehavs.SpawnRideableMob/]: Spawning Jockey at: BlockPos{x=509, y=51, z=542}
[19May2025 00:14:17.010] [Server thread/INFO] [com.esm.nightmare.MobBehavs.SpawnRideableMob/]: ESM - Init Rideable EntityEntity_Type and Jockey Lists...
[19May2025 00:14:17.010] [Server thread/INFO] [com.esm.nightmare.MobBehavs.SpawnRideableMob/]: Spawning Jockey at: BlockPos{x=535, y=39, z=656}
[19May2025 00:14:22.284] [Server thread/WARN] [tombstone/]: The death event of the player s22e310 was canceled by another mod
[19May2025 00:14:22.286] [Server thread/INFO] [tombstone/]: The player s22e310 has successfully been saved
[19May2025 00:14:22.885] [Server thread/INFO] [net.minecraft.server.MinecraftServer/]: s22e310 was slain by 01Kevin10
[19May2025 00:14:22.886] [Server thread/INFO] [com.tiviacz.travelersbackpack.TravelersBackpack/]: Created new backpack backup file for s22e310 with unique ID travelersbackpack.iron_19.05.2025-00.14.22.dat
[19May2025 00:14:22.889] [Server thread/INFO] [tombstone/]: The player s22e310 has successfully been saved
[19May2025 00:14:27.311] [Server thread/INFO] [com.esm.nightmare.MobBehavs.SpawnRideableMob/]: ESM - Init Rideable EntityEntity_Type and Jockey Lists...
[19May2025 00:14:30.279] [Server thread/WARN] [tombstone/]: The death event of the player s22e310 was canceled by another mod
[19May2025 00:14:30.281] [Server thread/INFO] [tombstone/]: The player s22e310 has successfully been saved
[19May2025 00:14:30.831] [Server thread/INFO] [net.minecraft.server.MinecraftServer/]: s22e310 was slain by 01Kevin10
[19May2025 00:14:30.833] [Server thread/INFO] [com.tiviacz.travelersbackpack.TravelersBackpack/]: Created new backpack backup file for s22e310 with unique ID travelersbackpack.iron_19.05.2025-00.14.30.dat
[19May2025 00:14:30.835] [Server thread/INFO] [tombstone/]: The player s22e310 has successfully been saved
[19May2025 00:14:36.808] [Server thread/INFO] [com.esm.nightmare.MobBehavs.SpawnRideableMob/]: ESM - Init Rideable EntityEntity_Type and Jockey Lists...
[19May2025 00:14:41.681] [Server thread/WARN] [tombstone/]: The death event of the player s22e310 was canceled by another mod
[19May2025 00:14:41.683] [Server thread/INFO] [tombstone/]: The player s22e310 has successfully been saved
[19May2025 00:14:42.232] [Server thread/INFO] [net.minecraft.server.MinecraftServer/]: s22e310 was slain by 01Kevin10
[19May2025 00:14:42.234] [Server thread/INFO] [com.tiviacz.travelersbackpack.TravelersBackpack/]: Created new backpack backup file for s22e310 with unique ID travelersbackpack.iron_19.05.2025-00.14.42.dat
[19May2025 00:14:42.235] [Server thread/INFO] [tombstone/]: The player s22e310 has successfully been saved
[19May2025 00:14:43.958] [Server thread/INFO] [com.esm.nightmare.MobBehavs.SpawnRideableMob/]: ESM - Init Rideable EntityEntity_Type and Jockey Lists...
[19May2025 00:14:47.258] [Server thread/INFO] [com.esm.nightmare.MobBehavs.SpawnRideableMob/]: ESM - Init Rideable EntityEntity_Type and Jockey Lists...
[19May2025 00:14:47.258] [Server thread/INFO] [com.esm.nightmare.MobBehavs.SpawnRideableMob/]: Spawning Jockey at: BlockPos{x=937, y=70, z=949}
[19May2025 00:14:48.731] [Server thread/WARN] [tombstone/]: The death event of the player s22e310 was canceled by another mod
[19May2025 00:14:48.734] [Server thread/INFO] [tombstone/]: The player s22e310 has successfully been saved
[19May2025 00:14:49.535] [Server thread/INFO] [net.minecraft.server.MinecraftServer/]: s22e310 was slain by 01Kevin10
[19May2025 00:14:49.536] [Server thread/INFO] [com.tiviacz.travelersbackpack.TravelersBackpack/]: Created new backpack backup file for s22e310 with unique ID travelersbackpack.iron_19.05.2025-00.14.49.dat
[19May2025 00:14:49.538] [Server thread/INFO] [tombstone/]: The player s22e310 has successfully been saved
[19May2025 00:14:58.183] [Server thread/WARN] [tombstone/]: The death event of the player s22e310 was canceled by another mod
[19May2025 00:14:58.185] [Server thread/INFO] [tombstone/]: The player s22e310 has successfully been saved
[19May2025 00:14:58.346] [Server thread/WARN] [tombstone/]: The death event of the player 01Kevin10 was canceled by another mod
[19May2025 00:14:58.348] [Server thread/INFO] [tombstone/]: The player 01Kevin10 has successfully been saved
[19May2025 00:15:02.810] [Server thread/INFO] [com.esm.nightmare.MobBehavs.SpawnRideableMob/]: ESM - Init Rideable EntityEntity_Type and Jockey Lists...
[19May2025 00:15:04.034] [Server thread/INFO] [net.minecraft.server.MinecraftServer/]: s22e310 was slain by 01Kevin10
[19May2025 00:15:04.035] [Server thread/INFO] [com.tiviacz.travelersbackpack.TravelersBackpack/]: Created new backpack backup file for s22e310 with unique ID travelersbackpack.iron_19.05.2025-00.15.04.dat
[19May2025 00:15:05.689] [Server thread/INFO] [net.minecraft.server.MinecraftServer/]: 01Kevin10 was slain by s22e310
[19May2025 00:15:05.690] [Server thread/INFO] [com.tiviacz.travelersbackpack.TravelersBackpack/]: Created new backpack backup file for 01Kevin10 with unique ID travelersbackpack.standard_19.05.2025-00.15.05.dat
[19May2025 00:15:06.971] [Server thread/INFO] [com.esm.nightmare.MobBehavs.SpawnRideableMob/]: ESM - Init Rideable EntityEntity_Type and Jockey Lists...
[19May2025 00:15:07.058] [Server thread/INFO] [com.esm.nightmare.MobBehavs.SpawnRideableMob/]: ESM - Init Rideable EntityEntity_Type and Jockey Lists...
[19May2025 00:15:07.059] [Server thread/INFO] [com.esm.nightmare.MobBehavs.SpawnRideableMob/]: Spawning Jockey at: BlockPos{x=505, y=-11, z=552}
[19May2025 00:15:17.611] [Server thread/INFO] [com.esm.nightmare.MobBehavs.SpawnRideableMob/]: ESM - Init Rideable EntityEntity_Type and Jockey Lists...
[19May2025 00:15:17.611] [Server thread/INFO] [com.esm.nightmare.MobBehavs.SpawnRideableMob/]: Spawning Jockey at: BlockPos{x=476, y=-24, z=621}
[19May2025 00:15:20.994] [Server thread/INFO] [net.minecraft.server.players.PlayerList/]: ALEss0312[/127.141.15.131:50397] logged in with entity id 46308 at (546.3000000119209, 79.0, 588.984178647399)
[19May2025 00:15:20.998] [Server thread/INFO] [net.minecraft.server.MinecraftServer/]: ALEss0312 joined the game
[19May2025 00:15:21.875] [Server thread/INFO] [com.esm.nightmare.MobBehavs.SpawnRideableMob/]: ESM - Init Rideable EntityEntity_Type and Jockey Lists...
[19May2025 00:15:21.875] [Server thread/INFO] [com.esm.nightmare.MobBehavs.SpawnRideableMob/]: Spawning Jockey at: BlockPos{x=1171, y=57, z=402}
[19May2025 00:15:28.457] [Server thread/INFO] [com.esm.nightmare.MobBehavs.SpawnRideableMob/]: ESM - Init Rideable EntityEntity_Type and Jockey Lists...
[19May2025 00:15:28.457] [Server thread/INFO] [com.esm.nightmare.MobBehavs.SpawnRideableMob/]: Spawning Jockey at: BlockPos{x=556, y=42, z=482}
[19May2025 00:15:29.059] [Server thread/INFO] [com.esm.nightmare.MobBehavs.SpawnRideableMob/]: ESM - Init Rideable EntityEntity_Type and Jockey Lists...
[19May2025 00:15:29.059] [Server thread/INFO] [com.esm.nightmare.MobBehavs.SpawnRideableMob/]: Spawning Jockey at: BlockPos{x=541, y=40, z=549}
[19May2025 00:15:29.210] [Server thread/INFO] [com.esm.nightmare.MobBehavs.SpawnRideableMob/]: ESM - Init Rideable EntityEntity_Type and Jockey Lists...
[19May2025 00:15:38.360] [Server thread/INFO] [com.esm.nightmare.MobBehavs.SpawnRideableMob/]: ESM - Init Rideable EntityEntity_Type and Jockey Lists...
[19May2025 00:15:38.360] [Server thread/INFO] [com.esm.nightmare.MobBehavs.SpawnRideableMob/]: Spawning Jockey at: BlockPos{x=539, y=-32, z=656}
[19May2025 00:15:42.833] [Server thread/WARN] [tombstone/]: The death event of the player s22e310 was canceled by another mod
[19May2025 00:15:42.835] [Server thread/INFO] [tombstone/]: The player s22e310 has successfully been saved
[19May2025 00:15:47.622] [Server thread/INFO] [com.esm.nightmare.MobBehavs.SpawnRideableMob/]: ESM - Init Rideable EntityEntity_Type and Jockey Lists...
[19May2025 00:15:47.622] [Server thread/INFO] [com.esm.nightmare.MobBehavs.SpawnRideableMob/]: Spawning Jockey at: BlockPos{x=1133, y=63, z=363}
[19May2025 00:15:48.683] [Server thread/INFO] [net.minecraft.server.MinecraftServer/]: s22e310 was slain by 01Kevin10
[19May2025 00:15:48.684] [Server thread/INFO] [com.tiviacz.travelersbackpack.TravelersBackpack/]: Created new backpack backup file for s22e310 with unique ID travelersbackpack.iron_19.05.2025-00.15.48.dat
[19May2025 00:15:52.509] [Server thread/INFO] [com.esm.nightmare.MobBehavs.SpawnRideableMob/]: ESM - Init Rideable EntityEntity_Type and Jockey Lists...
[19May2025 00:15:52.509] [Server thread/INFO] [com.esm.nightmare.MobBehavs.SpawnRideableMob/]: Spawning Jockey at: BlockPos{x=491, y=10, z=568}
[19May2025 00:15:53.360] [Server thread/INFO] [com.esm.nightmare.MobBehavs.SpawnRideableMob/]: ESM - Init Rideable EntityEntity_Type and Jockey Lists...
[19May2025 00:15:53.360] [Server thread/INFO] [com.esm.nightmare.MobBehavs.SpawnRideableMob/]: Spawning Jockey at: BlockPos{x=477, y=-28, z=634}
[19May2025 00:15:57.559] [Server thread/INFO] [com.esm.nightmare.MobBehavs.SpawnRideableMob/]: ESM - Init Rideable EntityEntity_Type and Jockey Lists...
[19May2025 00:15:59.183] [Server thread/WARN] [tombstone/]: The death event of the player ALEss0312 was canceled by another mod
[19May2025 00:15:59.185] [Server thread/INFO] [tombstone/]: The player ALEss0312 has successfully been saved
[19May2025 00:16:00.041] [Server thread/INFO] [net.minecraft.server.MinecraftServer/]: ALEss0312 was slain by s22e310
[19May2025 00:16:00.044] [Server thread/INFO] [com.tiviacz.travelersbackpack.TravelersBackpack/]: Created new backpack backup file for ALEss0312 with unique ID travelersbackpack.standard_19.05.2025-00.16.00.dat
[19May2025 00:16:00.048] [Server thread/INFO] [tombstone/]: The player ALEss0312 has successfully been saved
[19May2025 00:16:08.281] [Server thread/WARN] [tombstone/]: The death event of the player s22e310 was canceled by another mod
[19May2025 00:16:08.283] [Server thread/INFO] [tombstone/]: The player s22e310 has successfully been saved
[19May2025 00:16:10.811] [Server thread/INFO] [com.esm.nightmare.MobBehavs.SpawnRideableMob/]: ESM - Init Rideable EntityEntity_Type and Jockey Lists...
[19May2025 00:16:10.811] [Server thread/INFO] [com.esm.nightmare.MobBehavs.SpawnRideableMob/]: Spawning Jockey at: BlockPos{x=558, y=-38, z=625}
[19May2025 00:16:11.033] [Server thread/INFO] [net.minecraft.server.MinecraftServer/]: s22e310 was slain by 01Kevin10
[19May2025 00:16:11.035] [Server thread/INFO] [com.tiviacz.travelersbackpack.TravelersBackpack/]: Created new backpack backup file for s22e310 with unique ID travelersbackpack.iron_19.05.2025-00.16.11.dat
[19May2025 00:16:11.037] [Server thread/INFO] [tombstone/]: The player s22e310 has successfully been saved
[19May2025 00:16:20.172] [Server thread/INFO] [com.esm.nightmare.MobBehavs.SpawnRideableMob/]: ESM - Init Rideable EntityEntity_Type and Jockey Lists...
[19May2025 00:16:20.173] [Server thread/INFO] [com.esm.nightmare.MobBehavs.SpawnRideableMob/]: Spawning Jockey at: BlockPos{x=1202, y=75, z=448}
[19May2025 00:16:23.208] [Server thread/INFO] [com.esm.nightmare.MobBehavs.SpawnRideableMob/]: ESM - Init Rideable EntityEntity_Type and Jockey Lists...
[19May2025 00:16:30.808] [Server thread/INFO] [com.esm.nightmare.MobBehavs.SpawnRideableMob/]: ESM - Init Rideable EntityEntity_Type and Jockey Lists...
[19May2025 00:16:31.809] [Server thread/INFO] [com.esm.nightmare.MobBehavs.SpawnRideableMob/]: ESM - Init Rideable EntityEntity_Type and Jockey Lists...
[19May2025 00:16:33.560] [Server thread/INFO] [com.esm.nightmare.MobBehavs.SpawnRideableMob/]: ESM - Init Rideable EntityEntity_Type and Jockey Lists...
[19May2025 00:16:33.560] [Server thread/INFO] [com.esm.nightmare.MobBehavs.SpawnRideableMob/]: Spawning Jockey at: BlockPos{x=909, y=67, z=1066}
[19May2025 00:16:35.008] [Server thread/INFO] [com.esm.nightmare.MobBehavs.SpawnRideableMob/]: ESM - Init Rideable EntityEntity_Type and Jockey Lists...
[19May2025 00:16:35.008] [Server thread/INFO] [com.esm.nightmare.MobBehavs.SpawnRideableMob/]: Spawning Jockey at: BlockPos{x=438, y=12, z=571}
[19May2025 00:16:39.733] [Server thread/WARN] [tombstone/]: The death event of the player ALEss0312 was canceled by another mod
[19May2025 00:16:39.735] [Server thread/INFO] [tombstone/]: The player ALEss0312 has successfully been saved
[19May2025 00:16:43.976] [Server thread/INFO] [com.esm.nightmare.MobBehavs.SpawnRideableMob/]: ESM - Init Rideable EntityEntity_Type and Jockey Lists...
[19May2025 00:16:43.976] [Server thread/INFO] [com.esm.nightmare.MobBehavs.SpawnRideableMob/]: Spawning Jockey at: BlockPos{x=1188, y=76, z=445}
[19May2025 00:16:45.458] [Server thread/INFO] [com.esm.nightmare.MobBehavs.SpawnRideableMob/]: ESM - Init Rideable EntityEntity_Type and Jockey Lists...
[19May2025 00:16:45.458] [Server thread/INFO] [com.esm.nightmare.MobBehavs.SpawnRideableMob/]: Spawning Jockey at: BlockPos{x=423, y=109, z=554}
[19May2025 00:16:46.858] [Server thread/INFO] [com.esm.nightmare.MobBehavs.SpawnRideableMob/]: ESM - Init Rideable EntityEntity_Type and Jockey Lists...
[19May2025 00:16:46.859] [Server thread/INFO] [com.esm.nightmare.MobBehavs.SpawnRideableMob/]: Spawning Jockey at: BlockPos{x=598, y=11, z=508}
[19May2025 00:16:48.708] [Server thread/INFO] [com.esm.nightmare.MobBehavs.SpawnRideableMob/]: ESM - Init Rideable EntityEntity_Type and Jockey Lists...
[19May2025 00:16:48.709] [Server thread/INFO] [com.esm.nightmare.MobBehavs.SpawnRideableMob/]: Spawning Jockey at: BlockPos{x=541, y=43, z=510}
[19May2025 00:16:48.934] [Server thread/WARN] [tombstone/]: The death event of the player s22e310 was canceled by another mod
[19May2025 00:16:48.935] [Server thread/INFO] [tombstone/]: The player s22e310 has successfully been saved
[19May2025 00:16:50.425] [Server thread/INFO] [com.esm.nightmare.MobBehavs.SpawnRideableMob/]: ESM - Init Rideable EntityEntity_Type and Jockey Lists...
[19May2025 00:16:50.425] [Server thread/INFO] [com.esm.nightmare.MobBehavs.SpawnRideableMob/]: Spawning Jockey at: BlockPos{x=1308, y=75, z=275}
[19May2025 00:16:51.599] [Server thread/INFO] [net.minecraft.server.MinecraftServer/]: ALEss0312 was slain by 01Kevin10
[19May2025 00:16:51.602] [Server thread/INFO] [com.tiviacz.travelersbackpack.TravelersBackpack/]: Created new backpack backup file for ALEss0312 with unique ID travelersbackpack.standard_19.05.2025-00.16.51.dat
[19May2025 00:16:52.903] [Server thread/INFO] [com.esm.nightmare.MobBehavs.SpawnRideableMob/]: ESM - Init Rideable EntityEntity_Type and Jockey Lists...
[19May2025 00:16:54.636] [Server thread/INFO] [net.minecraft.server.MinecraftServer/]: s22e310 was slain by 01Kevin10
[19May2025 00:16:54.637] [Server thread/INFO] [com.tiviacz.travelersbackpack.TravelersBackpack/]: Created new backpack backup file for s22e310 with unique ID travelersbackpack.iron_19.05.2025-00.16.54.dat
[19May2025 00:16:55.909] [Server thread/INFO] [com.esm.nightmare.MobBehavs.SpawnRideableMob/]: ESM - Init Rideable EntityEntity_Type and Jockey Lists...
[19May2025 00:16:55.909] [Server thread/INFO] [com.esm.nightmare.MobBehavs.SpawnRideableMob/]: Spawning Jockey at: BlockPos{x=547, y=-30, z=526}
[19May2025 00:17:04.632] [Server thread/WARN] [tombstone/]: The death event of the player ALEss0312 was canceled by another mod
[19May2025 00:17:04.634] [Server thread/INFO] [tombstone/]: The player ALEss0312 has successfully been saved
[19May2025 00:17:05.434] [Server thread/INFO] [net.minecraft.server.MinecraftServer/]: ALEss0312 was slain by 01Kevin10
[19May2025 00:17:05.437] [Server thread/INFO] [com.tiviacz.travelersbackpack.TravelersBackpack/]: Created new backpack backup file for ALEss0312 with unique ID travelersbackpack.standard_19.05.2025-00.17.05.dat
[19May2025 00:17:05.439] [Server thread/INFO] [tombstone/]: The player ALEss0312 has successfully been saved
[19May2025 00:17:06.422] [Server thread/INFO] [com.esm.nightmare.MobBehavs.SpawnRideableMob/]: ESM - Init Rideable EntityEntity_Type and Jockey Lists...
[19May2025 00:17:06.422] [Server thread/INFO] [com.esm.nightmare.MobBehavs.SpawnRideableMob/]: Spawning Jockey at: BlockPos{x=1139, y=36, z=378}
[19May2025 00:17:09.407] [Server thread/INFO] [com.esm.nightmare.MobBehavs.SpawnRideableMob/]: ESM - Init Rideable EntityEntity_Type and Jockey Lists...
[19May2025 00:17:09.408] [Server thread/INFO] [com.esm.nightmare.MobBehavs.SpawnRideableMob/]: Spawning Jockey at: BlockPos{x=505, y=39, z=481}
[19May2025 00:17:24.507] [Server thread/INFO] [com.esm.nightmare.MobBehavs.SpawnRideableMob/]: ESM - Init Rideable EntityEntity_Type and Jockey Lists...
[19May2025 00:17:24.507] [Server thread/INFO] [com.esm.nightmare.MobBehavs.SpawnRideableMob/]: Spawning Jockey at: BlockPos{x=524, y=-17, z=526}
[19May2025 00:17:25.937] [Server thread/WARN] [tombstone/]: The death event of the player ALEss0312 was canceled by another mod
[19May2025 00:17:25.938] [Server thread/INFO] [tombstone/]: The player ALEss0312 has successfully been saved
[19May2025 00:17:28.575] [Server thread/INFO] [com.esm.nightmare.MobBehavs.SpawnRideableMob/]: ESM - Init Rideable EntityEntity_Type and Jockey Lists...
[19May2025 00:17:28.575] [Server thread/INFO] [com.esm.nightmare.MobBehavs.SpawnRideableMob/]: Spawning Jockey at: BlockPos{x=1226, y=35, z=468}
[19May2025 00:17:28.575] [Server thread/INFO] [com.esm.nightmare.MobBehavs.SpawnRideableMob/]: ESM - Init Rideable EntityEntity_Type and Jockey Lists...
[19May2025 00:17:28.575] [Server thread/INFO] [com.esm.nightmare.MobBehavs.SpawnRideableMob/]: Spawning Jockey at: BlockPos{x=1226, y=35, z=468}
[19May2025 00:17:28.859] [Server thread/INFO] [com.esm.nightmare.MobBehavs.SpawnRideableMob/]: ESM - Init Rideable EntityEntity_Type and Jockey Lists...
[19May2025 00:17:30.032] [Server thread/INFO] [net.minecraft.server.MinecraftServer/]: ALEss0312 was slain by 01Kevin10
[19May2025 00:17:30.035] [Server thread/INFO] [com.tiviacz.travelersbackpack.TravelersBackpack/]: Created new backpack backup file for ALEss0312 with unique ID travelersbackpack.standard_19.05.2025-00.17.30.dat
[19May2025 00:17:30.037] [Server thread/INFO] [tombstone/]: The player ALEss0312 has successfully been saved
[19May2025 00:17:31.208] [Server thread/INFO] [com.esm.nightmare.MobBehavs.SpawnRideableMob/]: ESM - Init Rideable EntityEntity_Type and Jockey Lists...
[19May2025 00:17:31.209] [Server thread/INFO] [com.esm.nightmare.MobBehavs.SpawnRideableMob/]: Spawning Jockey at: BlockPos{x=495, y=10, z=571}
[19May2025 00:17:31.209] [Server thread/INFO] [com.esm.nightmare.MobBehavs.SpawnRideableMob/]: ESM - Init Rideable EntityEntity_Type and Jockey Lists...
[19May2025 00:17:31.209] [Server thread/INFO] [com.esm.nightmare.MobBehavs.SpawnRideableMob/]: Spawning Jockey at: BlockPos{x=495, y=10, z=571}
[19May2025 00:17:36.461] [Server thread/INFO] [com.esm.nightmare.MobBehavs.SpawnRideableMob/]: ESM - Init Rideable EntityEntity_Type and Jockey Lists...
[19May2025 00:17:36.461] [Server thread/INFO] [com.esm.nightmare.MobBehavs.SpawnRideableMob/]: Spawning Jockey at: BlockPos{x=424, y=17, z=596}
[19May2025 00:17:36.461] [Server thread/INFO] [com.esm.nightmare.MobBehavs.SpawnRideableMob/]: ESM - Init Rideable EntityEntity_Type and Jockey Lists...
[19May2025 00:17:36.461] [Server thread/INFO] [com.esm.nightmare.MobBehavs.SpawnRideableMob/]: Spawning Jockey at: BlockPos{x=424, y=17, z=596}
[19May2025 00:17:45.860] [Server thread/INFO] [com.esm.nightmare.MobBehavs.SpawnRideableMob/]: ESM - Init Rideable EntityEntity_Type and Jockey Lists...
[19May2025 00:17:47.573] [Server thread/INFO] [com.esm.nightmare.MobBehavs.SpawnRideableMob/]: ESM - Init Rideable EntityEntity_Type and Jockey Lists...
[19May2025 00:17:47.573] [Server thread/INFO] [com.esm.nightmare.MobBehavs.SpawnRideableMob/]: Spawning Jockey at: BlockPos{x=1221, y=37, z=466}
[19May2025 00:17:48.543] [Server thread/WARN] [tombstone/]: The death event of the player s22e310 was canceled by another mod
[19May2025 00:17:48.545] [Server thread/INFO] [tombstone/]: The player s22e310 has successfully been saved
[19May2025 00:17:54.382] [Server thread/INFO] [net.minecraft.server.MinecraftServer/]: s22e310 was slain by 01Kevin10
[19May2025 00:17:54.384] [Server thread/INFO] [com.tiviacz.travelersbackpack.TravelersBackpack/]: Created new backpack backup file for s22e310 with unique ID travelersbackpack.iron_19.05.2025-00.17.54.dat
[19May2025 00:17:55.711] [Server thread/INFO] [com.esm.nightmare.MobBehavs.SpawnRideableMob/]: ESM - Init Rideable EntityEntity_Type and Jockey Lists...
[19May2025 00:17:55.711] [Server thread/INFO] [com.esm.nightmare.MobBehavs.SpawnRideableMob/]: Spawning Jockey at: BlockPos{x=1340, y=90, z=291}
[19May2025 00:17:57.059] [Server thread/INFO] [com.esm.nightmare.MobBehavs.SpawnRideableMob/]: ESM - Init Rideable EntityEntity_Type and Jockey Lists...
[19May2025 00:17:57.059] [Server thread/INFO] [com.esm.nightmare.MobBehavs.SpawnRideableMob/]: Spawning Jockey at: BlockPos{x=583, y=5, z=494}
[19May2025 00:18:19.381] [Server thread/INFO] [com.esm.nightmare.MobBehavs.SpawnRideableMob/]: ESM - Init Rideable EntityEntity_Type and Jockey Lists...
[19May2025 00:18:19.381] [Server thread/INFO] [com.esm.nightmare.MobBehavs.SpawnRideableMob/]: Spawning Jockey at: BlockPos{x=1406, y=82, z=370}
[19May2025 00:18:23.225] [Server thread/INFO] [com.esm.nightmare.MobBehavs.SpawnRideableMob/]: ESM - Init Rideable EntityEntity_Type and Jockey Lists...
[19May2025 00:18:23.225] [Server thread/INFO] [com.esm.nightmare.MobBehavs.SpawnRideableMob/]: Spawning Jockey at: BlockPos{x=1421, y=48, z=441}
[19May2025 00:18:23.225] [Server thread/INFO] [com.esm.nightmare.MobBehavs.SpawnRideableMob/]: ESM - Init Rideable EntityEntity_Type and Jockey Lists...
[19May2025 00:18:23.226] [Server thread/INFO] [com.esm.nightmare.MobBehavs.SpawnRideableMob/]: Spawning Jockey at: BlockPos{x=1421, y=48, z=438}
[19May2025 00:18:26.778] [Server thread/INFO] [com.esm.nightmare.MobBehavs.SpawnRideableMob/]: ESM - Init Rideable EntityEntity_Type and Jockey Lists...
[19May2025 00:18:26.778] [Server thread/INFO] [com.esm.nightmare.MobBehavs.SpawnRideableMob/]: Spawning Jockey at: BlockPos{x=1357, y=66, z=519}
[19May2025 00:18:28.860] [Server thread/INFO] [com.esm.nightmare.MobBehavs.SpawnRideableMob/]: ESM - Init Rideable EntityEntity_Type and Jockey Lists...
[19May2025 00:18:28.860] [Server thread/INFO] [com.esm.nightmare.MobBehavs.SpawnRideableMob/]: Spawning Jockey at: BlockPos{x=506, y=34, z=642}
[19May2025 00:18:30.459] [Server thread/INFO] [com.esm.nightmare.MobBehavs.SpawnRideableMob/]: ESM - Init Rideable EntityEntity_Type and Jockey Lists...
[19May2025 00:18:30.459] [Server thread/INFO] [com.esm.nightmare.MobBehavs.SpawnRideableMob/]: Spawning Jockey at: BlockPos{x=469, y=3, z=558}
[19May2025 00:18:35.831] [Server thread/INFO] [com.esm.nightmare.MobBehavs.SpawnRideableMob/]: ESM - Init Rideable EntityEntity_Type and Jockey Lists...
[19May2025 00:18:35.832] [Server thread/INFO] [com.esm.nightmare.MobBehavs.SpawnRideableMob/]: Spawning Jockey at: BlockPos{x=1321, y=60, z=428}
[19May2025 00:18:39.874] [Server thread/INFO] [com.esm.nightmare.MobBehavs.SpawnRideableMob/]: ESM - Init Rideable EntityEntity_Type and Jockey Lists...
[19May2025 00:18:39.874] [Server thread/INFO] [com.esm.nightmare.MobBehavs.SpawnRideableMob/]: Spawning Jockey at: BlockPos{x=1235, y=73, z=452}
[19May2025 00:18:48.509] [Server thread/INFO] [com.esm.nightmare.MobBehavs.SpawnRideableMob/]: ESM - Init Rideable EntityEntity_Type and Jockey Lists...
[19May2025 00:18:53.330] [Server thread/INFO] [com.esm.nightmare.MobBehavs.SpawnRideableMob/]: ESM - Init Rideable EntityEntity_Type and Jockey Lists...
[19May2025 00:18:53.330] [Server thread/INFO] [com.esm.nightmare.MobBehavs.SpawnRideableMob/]: Spawning Jockey at: BlockPos{x=1365, y=58, z=427}
[19May2025 00:18:56.882] [Server thread/WARN] [tombstone/]: The death event of the player ALEss0312 was canceled by another mod
[19May2025 00:18:56.883] [Server thread/INFO] [tombstone/]: The player ALEss0312 has successfully been saved
[19May2025 00:18:58.322] [Server thread/INFO] [com.esm.nightmare.MobBehavs.SpawnRideableMob/]: ESM - Init Rideable EntityEntity_Type and Jockey Lists...
[19May2025 00:18:58.323] [Server thread/INFO] [com.esm.nightmare.MobBehavs.SpawnRideableMob/]: Spawning Jockey at: BlockPos{x=1416, y=48, z=445}
[19May2025 00:19:06.281] [Server thread/INFO] [net.minecraft.server.MinecraftServer/]: ALEss0312 was slain by 01Kevin10
[19May2025 00:19:06.285] [Server thread/INFO] [com.tiviacz.travelersbackpack.TravelersBackpack/]: Created new backpack backup file for ALEss0312 with unique ID travelersbackpack.gold_19.05.2025-00.19.06.dat
[19May2025 00:19:12.211] [Server thread/INFO] [com.esm.nightmare.MobBehavs.SpawnRideableMob/]: ESM - Init Rideable EntityEntity_Type and Jockey Lists...
[19May2025 00:19:15.776] [Server thread/INFO] [com.esm.nightmare.MobBehavs.SpawnRideableMob/]: ESM - Init Rideable EntityEntity_Type and Jockey Lists...
[19May2025 00:19:15.776] [Server thread/INFO] [com.esm.nightmare.MobBehavs.SpawnRideableMob/]: Spawning Jockey at: BlockPos{x=1367, y=107, z=415}
[19May2025 00:19:18.875] [Server thread/INFO] [com.esm.nightmare.MobBehavs.SpawnRideableMob/]: ESM - Init Rideable EntityEntity_Type and Jockey Lists...
[19May2025 00:19:18.875] [Server thread/INFO] [com.esm.nightmare.MobBehavs.SpawnRideableMob/]: Spawning Jockey at: BlockPos{x=1371, y=57, z=249}
[19May2025 00:19:21.059] [Server thread/INFO] [com.esm.nightmare.MobBehavs.SpawnRideableMob/]: ESM - Init Rideable EntityEntity_Type and Jockey Lists...
[19May2025 00:19:21.059] [Server thread/INFO] [com.esm.nightmare.MobBehavs.SpawnRideableMob/]: Spawning Jockey at: BlockPos{x=591, y=68, z=504}
[19May2025 00:19:24.311] [Server thread/INFO] [com.esm.nightmare.MobBehavs.SpawnRideableMob/]: ESM - Init Rideable EntityEntity_Type and Jockey Lists...
[19May2025 00:19:27.110] [Server thread/INFO] [com.esm.nightmare.MobBehavs.SpawnRideableMob/]: ESM - Init Rideable EntityEntity_Type and Jockey Lists...
[19May2025 00:19:29.307] [Server thread/INFO] [com.esm.nightmare.MobBehavs.SpawnRideableMob/]: ESM - Init Rideable EntityEntity_Type and Jockey Lists...
[19May2025 00:19:39.922] [Server thread/INFO] [com.esm.nightmare.MobBehavs.SpawnRideableMob/]: ESM - Init Rideable EntityEntity_Type and Jockey Lists...
[19May2025 00:19:39.922] [Server thread/INFO] [com.esm.nightmare.MobBehavs.SpawnRideableMob/]: ESM - Init Rideable EntityEntity_Type and Jockey Lists...
[19May2025 00:19:49.175] [Server thread/INFO] [com.esm.nightmare.MobBehavs.SpawnRideableMob/]: ESM - Init Rideable EntityEntity_Type and Jockey Lists...
[19May2025 00:19:49.176] [Server thread/INFO] [com.esm.nightmare.MobBehavs.SpawnRideableMob/]: Spawning Jockey at: BlockPos{x=1447, y=59, z=287}
[19May2025 00:19:50.209] [Server thread/INFO] [com.esm.nightmare.MobBehavs.SpawnRideableMob/]: ESM - Init Rideable EntityEntity_Type and Jockey Lists...
[19May2025 00:19:51.009] [Server thread/INFO] [com.esm.nightmare.MobBehavs.SpawnRideableMob/]: ESM - Init Rideable EntityEntity_Type and Jockey Lists...
[19May2025 00:19:52.411] [Server thread/INFO] [com.esm.nightmare.MobBehavs.SpawnRideableMob/]: ESM - Init Rideable EntityEntity_Type and Jockey Lists...
[19May2025 00:19:52.411] [Server thread/INFO] [com.esm.nightmare.MobBehavs.SpawnRideableMob/]: Spawning Jockey at: BlockPos{x=537, y=12, z=669}
[19May2025 00:19:58.875] [Server thread/INFO] [com.esm.nightmare.MobBehavs.SpawnRideableMob/]: ESM - Init Rideable EntityEntity_Type and Jockey Lists...
[19May2025 00:19:58.875] [Server thread/INFO] [com.esm.nightmare.MobBehavs.SpawnRideableMob/]: Spawning Jockey at: BlockPos{x=1399, y=47, z=297}
[19May2025 00:20:01.109] [Server thread/INFO] [com.esm.nightmare.MobBehavs.SpawnRideableMob/]: ESM - Init Rideable EntityEntity_Type and Jockey Lists...
[19May2025 00:20:01.109] [Server thread/INFO] [com.esm.nightmare.MobBehavs.SpawnRideableMob/]: Spawning Jockey at: BlockPos{x=640, y=68, z=651}
[19May2025 00:20:07.208] [Server thread/INFO] [com.esm.nightmare.MobBehavs.SpawnRideableMob/]: ESM - Init Rideable EntityEntity_Type and Jockey Lists...
[19May2025 00:20:07.208] [Server thread/INFO] [com.esm.nightmare.MobBehavs.SpawnRideableMob/]: Spawning Jockey at: BlockPos{x=594, y=68, z=488}
[19May2025 00:20:08.059] [Server thread/INFO] [com.esm.nightmare.MobBehavs.SpawnRideableMob/]: ESM - Init Rideable EntityEntity_Type and Jockey Lists...
[19May2025 00:20:08.059] [Server thread/INFO] [com.esm.nightmare.MobBehavs.SpawnRideableMob/]: Spawning Jockey at: BlockPos{x=500, y=-36, z=561}
[19May2025 00:20:11.208] [Server thread/INFO] [com.esm.nightmare.MobBehavs.SpawnRideableMob/]: ESM - Init Rideable EntityEntity_Type and Jockey Lists...
[19May2025 00:20:11.208] [Server thread/INFO] [com.esm.nightmare.MobBehavs.SpawnRideableMob/]: Spawning Jockey at: BlockPos{x=561, y=-5, z=499}
[19May2025 00:20:11.209] [Server thread/INFO] [com.esm.nightmare.MobBehavs.SpawnRideableMob/]: ESM - Init Rideable EntityEntity_Type and Jockey Lists...
[19May2025 00:20:11.209] [Server thread/INFO] [com.esm.nightmare.MobBehavs.SpawnRideableMob/]: Spawning Jockey at: BlockPos{x=557, y=-5, z=501}
[19May2025 00:20:23.231] [Server thread/WARN] [tombstone/]: The death event of the player ALEss0312 was canceled by another mod
[19May2025 00:20:23.233] [Server thread/INFO] [tombstone/]: The player ALEss0312 has successfully been saved
[19May2025 00:20:24.823] [Server thread/INFO] [com.esm.nightmare.MobBehavs.SpawnRideableMob/]: ESM - Init Rideable EntityEntity_Type and Jockey Lists...
[19May2025 00:20:24.823] [Server thread/INFO] [com.esm.nightmare.MobBehavs.SpawnRideableMob/]: Spawning Jockey at: BlockPos{x=1319, y=37, z=394}
[19May2025 00:20:30.880] [Server thread/INFO] [com.esm.nightmare.MobBehavs.SpawnRideableMob/]: ESM - Init Rideable EntityEntity_Type and Jockey Lists...
[19May2025 00:20:30.880] [Server thread/INFO] [com.esm.nightmare.MobBehavs.SpawnRideableMob/]: Spawning Jockey at: BlockPos{x=1328, y=113, z=346}
[19May2025 00:20:31.528] [Server thread/INFO] [net.minecraft.server.MinecraftServer/]: ALEss0312 was slain by 01Kevin10
[19May2025 00:20:31.532] [Server thread/INFO] [com.tiviacz.travelersbackpack.TravelersBackpack/]: Created new backpack backup file for ALEss0312 with unique ID travelersbackpack.gold_19.05.2025-00.20.31.dat
[19May2025 00:20:36.328] [Server thread/INFO] [com.esm.nightmare.MobBehavs.SpawnRideableMob/]: ESM - Init Rideable EntityEntity_Type and Jockey Lists...
[19May2025 00:20:36.329] [Server thread/INFO] [com.esm.nightmare.MobBehavs.SpawnRideableMob/]: Spawning Jockey at: BlockPos{x=1152, y=37, z=382}
[19May2025 00:20:48.407] [Server thread/INFO] [com.esm.nightmare.MobBehavs.SpawnRideableMob/]: ESM - Init Rideable EntityEntity_Type and Jockey Lists...
[19May2025 00:20:48.407] [Server thread/INFO] [com.esm.nightmare.MobBehavs.SpawnRideableMob/]: Spawning Jockey at: BlockPos{x=595, y=6, z=499}
[19May2025 00:20:48.793] [Server thread/WARN] [net.minecraft.server.network.ServerGamePacketListenerImpl/]: 01Kevin10 moved wrongly!
[19May2025 00:20:52.082] [Server thread/WARN] [tombstone/]: The death event of the player ALEss0312 was canceled by another mod
[19May2025 00:20:52.083] [Server thread/INFO] [tombstone/]: The player ALEss0312 has successfully been saved
[19May2025 00:20:52.608] [Server thread/INFO] [com.esm.nightmare.MobBehavs.SpawnRideableMob/]: ESM - Init Rideable EntityEntity_Type and Jockey Lists...
[19May2025 00:20:52.608] [Server thread/INFO] [com.esm.nightmare.MobBehavs.SpawnRideableMob/]: Spawning Jockey at: BlockPos{x=613, y=-23, z=613}
[19May2025 00:20:53.325] [Server thread/INFO] [com.esm.nightmare.MobBehavs.SpawnRideableMob/]: ESM - Init Rideable EntityEntity_Type and Jockey Lists...
[19May2025 00:20:53.325] [Server thread/INFO] [com.esm.nightmare.MobBehavs.SpawnRideableMob/]: Spawning Jockey at: BlockPos{x=958, y=240, z=1019}
[19May2025 00:20:53.810] [Server thread/INFO] [com.esm.nightmare.MobBehavs.SpawnRideableMob/]: ESM - Init Rideable EntityEntity_Type and Jockey Lists...
[19May2025 00:20:56.429] [Server thread/INFO] [net.minecraft.server.MinecraftServer/]: ALEss0312 was slain by 01Kevin10
[19May2025 00:20:56.433] [Server thread/INFO] [com.tiviacz.travelersbackpack.TravelersBackpack/]: Created new backpack backup file for ALEss0312 with unique ID travelersbackpack.gold_19.05.2025-00.20.56.dat
[19May2025 00:20:56.437] [Server thread/INFO] [tombstone/]: The player ALEss0312 has successfully been saved
[19May2025 00:20:57.157] [Server thread/INFO] [com.esm.nightmare.MobBehavs.SpawnRideableMob/]: ESM - Init Rideable EntityEntity_Type and Jockey Lists...
[19May2025 00:20:57.158] [Server thread/INFO] [com.esm.nightmare.MobBehavs.SpawnRideableMob/]: Spawning Jockey at: BlockPos{x=567, y=71, z=489}
[19May2025 00:20:57.789] [Server thread/INFO] [com.esm.nightmare.MobBehavs.SpawnRideableMob/]: ESM - Init Rideable EntityEntity_Type and Jockey Lists...
[19May2025 00:20:57.789] [Server thread/INFO] [com.esm.nightmare.MobBehavs.SpawnRideableMob/]: Spawning Jockey at: BlockPos{x=502, y=60, z=550}
[19May2025 00:21:01.982] [Server thread/WARN] [tombstone/]: The death event of the player 01Kevin10 was canceled by another mod
[19May2025 00:21:01.983] [Server thread/INFO] [tombstone/]: The player 01Kevin10 has successfully been saved
[19May2025 00:21:10.331] [Server thread/INFO] [net.minecraft.server.MinecraftServer/]: 01Kevin10 was slain by ALEss0312
[19May2025 00:21:10.332] [Server thread/INFO] [com.tiviacz.travelersbackpack.TravelersBackpack/]: Created new backpack backup file for 01Kevin10 with unique ID travelersbackpack.standard_19.05.2025-00.21.10.dat
[19May2025 00:21:12.009] [Server thread/INFO] [com.esm.nightmare.MobBehavs.SpawnRideableMob/]: ESM - Init Rideable EntityEntity_Type and Jockey Lists...
[19May2025 00:21:33.208] [Server thread/INFO] [com.esm.nightmare.MobBehavs.SpawnRideableMob/]: ESM - Init Rideable EntityEntity_Type and Jockey Lists...
[19May2025 00:21:33.208] [Server thread/INFO] [com.esm.nightmare.MobBehavs.SpawnRideableMob/]: Spawning Jockey at: BlockPos{x=602, y=8, z=502}
[19May2025 00:21:37.230] [Server thread/WARN] [tombstone/]: The death event of the player ALEss0312 was canceled by another mod
[19May2025 00:21:37.231] [Server thread/INFO] [tombstone/]: The player ALEss0312 has successfully been saved
[19May2025 00:21:38.079] [Server thread/INFO] [net.minecraft.server.MinecraftServer/]: ALEss0312 was slain by 01Kevin10
[19May2025 00:21:38.083] [Server thread/INFO] [com.tiviacz.travelersbackpack.TravelersBackpack/]: Created new backpack backup file for ALEss0312 with unique ID travelersbackpack.gold_19.05.2025-00.21.38.dat
[19May2025 00:21:38.085] [Server thread/INFO] [tombstone/]: The player ALEss0312 has successfully been saved
[19May2025 00:21:39.496] [Server thread/INFO] [com.esm.nightmare.MobBehavs.SpawnRideableMob/]: ESM - Init Rideable EntityEntity_Type and Jockey Lists...
[19May2025 00:21:39.496] [Server thread/INFO] [com.esm.nightmare.MobBehavs.SpawnRideableMob/]: Spawning Jockey at: BlockPos{x=555, y=12, z=695}
[19May2025 00:21:39.529] [Server thread/INFO] [com.esm.nightmare.MobBehavs.SpawnRideableMob/]: ESM - Init Rideable EntityEntity_Type and Jockey Lists...
[19May2025 00:21:39.529] [Server thread/INFO] [com.esm.nightmare.MobBehavs.SpawnRideableMob/]: Spawning Jockey at: BlockPos{x=535, y=42, z=508}
[19May2025 00:21:39.758] [Server thread/INFO] [com.esm.nightmare.MobBehavs.SpawnRideableMob/]: ESM - Init Rideable EntityEntity_Type and Jockey Lists...
[19May2025 00:21:39.759] [Server thread/INFO] [com.esm.nightmare.MobBehavs.SpawnRideableMob/]: Spawning Jockey at: BlockPos{x=534, y=44, z=499}
[19May2025 00:21:40.283] [Server thread/INFO] [net.minecraft.server.MinecraftServer/]: [Not Secure] <Herondale> aea
[19May2025 00:21:44.524] [Server thread/INFO] [com.esm.nightmare.MobBehavs.SpawnRideableMob/]: ESM - Init Rideable EntityEntity_Type and Jockey Lists...
[19May2025 00:21:44.524] [Server thread/INFO] [com.esm.nightmare.MobBehavs.SpawnRideableMob/]: Spawning Jockey at: BlockPos{x=1137, y=37, z=393}
[19May2025 00:21:45.551] [Server thread/INFO] [net.minecraft.server.MinecraftServer/]: [Not Secure] <Jhonxd592> XD
[19May2025 00:21:49.144] [Server thread/WARN] [net.minecraft.server.level.ServerPlayerGameMode/]: Mismatch in destroy block pos: BlockPos{x=956, y=241, z=1027} BlockPos{x=956, y=241, z=1028}
[19May2025 00:21:54.672] [Server thread/INFO] [com.esm.nightmare.MobBehavs.SpawnRideableMob/]: ESM - Init Rideable EntityEntity_Type and Jockey Lists...
[19May2025 00:21:54.672] [Server thread/INFO] [com.esm.nightmare.MobBehavs.SpawnRideableMob/]: Spawning Jockey at: BlockPos{x=1100, y=48, z=418}
[19May2025 00:21:55.927] [Server thread/INFO] [com.esm.nightmare.MobBehavs.SpawnRideableMob/]: ESM - Init Rideable EntityEntity_Type and Jockey Lists...
[19May2025 00:21:55.927] [Server thread/INFO] [com.esm.nightmare.MobBehavs.SpawnRideableMob/]: Spawning Jockey at: BlockPos{x=1132, y=66, z=396}
[19May2025 00:22:01.209] [Server thread/INFO] [com.esm.nightmare.MobBehavs.SpawnRideableMob/]: ESM - Init Rideable EntityEntity_Type and Jockey Lists...
[19May2025 00:22:01.209] [Server thread/INFO] [com.esm.nightmare.MobBehavs.SpawnRideableMob/]: Spawning Jockey at: BlockPos{x=869, y=64, z=1104}
[19May2025 00:22:05.910] [Server thread/INFO] [com.esm.nightmare.MobBehavs.SpawnRideableMob/]: ESM - Init Rideable EntityEntity_Type and Jockey Lists...
[19May2025 00:22:05.910] [Server thread/INFO] [com.esm.nightmare.MobBehavs.SpawnRideableMob/]: Spawning Jockey at: BlockPos{x=531, y=24, z=704}
[19May2025 00:22:06.981] [Server thread/WARN] [tombstone/]: The death event of the player ALEss0312 was canceled by another mod
[19May2025 00:22:06.983] [Server thread/INFO] [tombstone/]: The player ALEss0312 has successfully been saved
[19May2025 00:22:10.222] [Server thread/INFO] [com.esm.nightmare.MobBehavs.SpawnRideableMob/]: ESM - Init Rideable EntityEntity_Type and Jockey Lists...
[19May2025 00:22:10.222] [Server thread/INFO] [com.esm.nightmare.MobBehavs.SpawnRideableMob/]: Spawning Jockey at: BlockPos{x=1073, y=56, z=405}
[19May2025 00:22:13.185] [Server thread/INFO] [net.minecraft.server.MinecraftServer/]: ALEss0312 was slain by 01Kevin10
[19May2025 00:22:13.189] [Server thread/INFO] [com.tiviacz.travelersbackpack.TravelersBackpack/]: Created new backpack backup file for ALEss0312 with unique ID travelersbackpack.gold_19.05.2025-00.22.13.dat
[19May2025 00:22:14.908] [Server thread/INFO] [com.esm.nightmare.MobBehavs.SpawnRideableMob/]: ESM - Init Rideable EntityEntity_Type and Jockey Lists...
[19May2025 00:22:14.909] [Server thread/INFO] [com.esm.nightmare.MobBehavs.SpawnRideableMob/]: Spawning Jockey at: BlockPos{x=519, y=9, z=562}
[19May2025 00:22:16.660] [Server thread/INFO] [com.esm.nightmare.MobBehavs.SpawnRideableMob/]: ESM - Init Rideable EntityEntity_Type and Jockey Lists...
[19May2025 00:22:16.660] [Server thread/INFO] [com.esm.nightmare.MobBehavs.SpawnRideableMob/]: Spawning Jockey at: BlockPos{x=477, y=-5, z=623}
[19May2025 00:22:25.908] [Server thread/INFO] [com.esm.nightmare.MobBehavs.SpawnRideableMob/]: ESM - Init Rideable EntityEntity_Type and Jockey Lists...
[19May2025 00:22:30.759] [Server thread/INFO] [com.esm.nightmare.MobBehavs.SpawnRideableMob/]: ESM - Init Rideable EntityEntity_Type and Jockey Lists...
[19May2025 00:22:30.759] [Server thread/INFO] [com.esm.nightmare.MobBehavs.SpawnRideableMob/]: Spawning Jockey at: BlockPos{x=467, y=64, z=683}
[19May2025 00:22:38.123] [Server thread/INFO] [com.esm.nightmare.MobBehavs.SpawnRideableMob/]: ESM - Init Rideable EntityEntity_Type and Jockey Lists...
[19May2025 00:22:38.123] [Server thread/INFO] [com.esm.nightmare.MobBehavs.SpawnRideableMob/]: Spawning Jockey at: BlockPos{x=1081, y=79, z=354}
[19May2025 00:22:42.072] [Server thread/INFO] [com.esm.nightmare.MobBehavs.SpawnRideableMob/]: ESM - Init Rideable EntityEntity_Type and Jockey Lists...
[19May2025 00:22:42.072] [Server thread/INFO] [com.esm.nightmare.MobBehavs.SpawnRideableMob/]: Spawning Jockey at: BlockPos{x=1160, y=60, z=402}
[19May2025 00:22:42.723] [Server thread/INFO] [com.esm.nightmare.MobBehavs.SpawnRideableMob/]: ESM - Init Rideable EntityEntity_Type and Jockey Lists...
[19May2025 00:22:42.724] [Server thread/INFO] [com.esm.nightmare.MobBehavs.SpawnRideableMob/]: Spawning Jockey at: BlockPos{x=1136, y=67, z=383}
[19May2025 00:22:48.074] [Server thread/INFO] [com.esm.nightmare.MobBehavs.SpawnRideableMob/]: ESM - Init Rideable EntityEntity_Type and Jockey Lists...
[19May2025 00:22:48.074] [Server thread/INFO] [com.esm.nightmare.MobBehavs.SpawnRideableMob/]: Spawning Jockey at: BlockPos{x=1107, y=66, z=345}
[19May2025 00:22:54.560] [Server thread/INFO] [com.esm.nightmare.MobBehavs.SpawnRideableMob/]: ESM - Init Rideable EntityEntity_Type and Jockey Lists...
[19May2025 00:22:54.561] [Server thread/INFO] [com.esm.nightmare.MobBehavs.SpawnRideableMob/]: ESM - Init Rideable EntityEntity_Type and Jockey Lists...
[19May2025 00:22:54.561] [Server thread/INFO] [com.esm.nightmare.MobBehavs.SpawnRideableMob/]: Spawning Jockey at: BlockPos{x=563, y=68, z=726}
[19May2025 00:22:54.561] [Server thread/INFO] [com.esm.nightmare.MobBehavs.SpawnRideableMob/]: ESM - Init Rideable EntityEntity_Type and Jockey Lists...
[19May2025 00:22:54.561] [Server thread/INFO] [com.esm.nightmare.MobBehavs.SpawnRideableMob/]: Spawning Jockey at: BlockPos{x=562, y=68, z=726}
[19May2025 00:23:07.287] [Server thread/INFO] [net.minecraft.server.network.ServerGamePacketListenerImpl/]: ALEss0312 lost connection: Disconnected
[19May2025 00:23:07.287] [Server thread/INFO] [net.minecraft.server.MinecraftServer/]: ALEss0312 left the game
[19May2025 00:23:07.758] [Server thread/INFO] [com.esm.nightmare.MobBehavs.SpawnRideableMob/]: ESM - Init Rideable EntityEntity_Type and Jockey Lists...
[19May2025 00:23:07.758] [Server thread/INFO] [com.esm.nightmare.MobBehavs.SpawnRideableMob/]: Spawning Jockey at: BlockPos{x=567, y=73, z=511}
[19May2025 00:23:12.032] [Server thread/INFO] [net.minecraft.server.MinecraftServer/]: [Not Secure] <Herondale> link
[19May2025 00:23:12.635] [Server thread/INFO] [net.minecraft.server.MinecraftServer/]: [Not Secure] <s22e310> que fue con el meet
[19May2025 00:23:14.251] [Server thread/INFO] [net.minecraft.server.players.PlayerList/]: ALEss0312[/127.141.15.131:51671] logged in with entity id 51006 at (536.081149972438, 80.0, 593.0330980616712)
[19May2025 00:23:14.256] [Server thread/INFO] [net.minecraft.server.MinecraftServer/]: ALEss0312 joined the game
[19May2025 00:23:15.524] [Server thread/INFO] [com.esm.nightmare.MobBehavs.SpawnRideableMob/]: ESM - Init Rideable EntityEntity_Type and Jockey Lists...
[19May2025 00:23:15.524] [Server thread/INFO] [com.esm.nightmare.MobBehavs.SpawnRideableMob/]: Spawning Jockey at: BlockPos{x=1106, y=59, z=324}
[19May2025 00:23:20.209] [Server thread/INFO] [com.esm.nightmare.MobBehavs.SpawnRideableMob/]: ESM - Init Rideable EntityEntity_Type and Jockey Lists...
[19May2025 00:23:20.209] [Server thread/INFO] [com.esm.nightmare.MobBehavs.SpawnRideableMob/]: Spawning Jockey at: BlockPos{x=504, y=-21, z=532}
[19May2025 00:23:20.521] [Server thread/INFO] [com.esm.nightmare.MobBehavs.SpawnRideableMob/]: ESM - Init Rideable EntityEntity_Type and Jockey Lists...
[19May2025 00:23:20.522] [Server thread/INFO] [com.esm.nightmare.MobBehavs.SpawnRideableMob/]: Spawning Jockey at: BlockPos{x=1070, y=86, z=406}
[19May2025 00:23:22.258] [Server thread/INFO] [com.esm.nightmare.MobBehavs.SpawnRideableMob/]: ESM - Init Rideable EntityEntity_Type and Jockey Lists...
[19May2025 00:23:22.258] [Server thread/INFO] [com.esm.nightmare.MobBehavs.SpawnRideableMob/]: Spawning Jockey at: BlockPos{x=477, y=77, z=511}
[19May2025 00:23:22.476] [Server thread/INFO] [com.esm.nightmare.MobBehavs.SpawnRideableMob/]: ESM - Init Rideable EntityEntity_Type and Jockey Lists...
[19May2025 00:23:22.476] [Server thread/INFO] [com.esm.nightmare.MobBehavs.SpawnRideableMob/]: Spawning Jockey at: BlockPos{x=1092, y=83, z=350}
[19May2025 00:23:24.273] [Server thread/INFO] [com.esm.nightmare.MobBehavs.SpawnRideableMob/]: ESM - Init Rideable EntityEntity_Type and Jockey Lists...
[19May2025 00:23:24.274] [Server thread/INFO] [com.esm.nightmare.MobBehavs.SpawnRideableMob/]: Spawning Jockey at: BlockPos{x=1127, y=61, z=358}
[19May2025 00:23:28.810] [Server thread/INFO] [com.esm.nightmare.MobBehavs.SpawnRideableMob/]: ESM - Init Rideable EntityEntity_Type and Jockey Lists...
[19May2025 00:23:31.459] [Server thread/INFO] [com.esm.nightmare.MobBehavs.SpawnRideableMob/]: ESM - Init Rideable EntityEntity_Type and Jockey Lists...
[19May2025 00:23:31.459] [Server thread/INFO] [com.esm.nightmare.MobBehavs.SpawnRideableMob/]: Spawning Jockey at: BlockPos{x=591, y=68, z=493}
[19May2025 00:23:35.334] [Server thread/WARN] [net.minecraft.server.level.ServerPlayerGameMode/]: Mismatch in destroy block pos: BlockPos{x=1155, y=12, z=349} BlockPos{x=1154, y=12, z=348}
[19May2025 00:23:58.309] [Server thread/INFO] [com.esm.nightmare.MobBehavs.SpawnRideableMob/]: ESM - Init Rideable EntityEntity_Type and Jockey Lists...
[19May2025 00:23:58.309] [Server thread/INFO] [com.esm.nightmare.MobBehavs.SpawnRideableMob/]: Spawning Jockey at: BlockPos{x=965, y=65, z=961}
[19May2025 00:24:02.907] [Server thread/INFO] [com.esm.nightmare.MobBehavs.SpawnRideableMob/]: ESM - Init Rideable EntityEntity_Type and Jockey Lists...
[19May2025 00:24:02.907] [Server thread/INFO] [com.esm.nightmare.MobBehavs.SpawnRideableMob/]: Spawning Jockey at: BlockPos{x=466, y=-7, z=575}
[19May2025 00:24:03.461] [Server thread/INFO] [com.esm.nightmare.MobBehavs.SpawnRideableMob/]: ESM - Init Rideable EntityEntity_Type and Jockey Lists...
[19May2025 00:24:03.461] [Server thread/INFO] [com.esm.nightmare.MobBehavs.SpawnRideableMob/]: Spawning Jockey at: BlockPos{x=504, y=33, z=584}
[19May2025 00:24:04.959] [Server thread/INFO] [com.esm.nightmare.MobBehavs.SpawnRideableMob/]: ESM - Init Rideable EntityEntity_Type and Jockey Lists...
[19May2025 00:24:04.959] [Server thread/INFO] [com.esm.nightmare.MobBehavs.SpawnRideableMob/]: Spawning Jockey at: BlockPos{x=631, y=39, z=711}
[19May2025 00:24:12.908] [Server thread/INFO] [com.esm.nightmare.MobBehavs.SpawnRideableMob/]: ESM - Init Rideable EntityEntity_Type and Jockey Lists...
[19May2025 00:24:12.908] [Server thread/INFO] [com.esm.nightmare.MobBehavs.SpawnRideableMob/]: Spawning Jockey at: BlockPos{x=512, y=-11, z=551}
[19May2025 00:24:15.977] [Server thread/INFO] [net.minecraft.server.MinecraftServer/]: [Not Secure] <Herondale> y el link del meet
[19May2025 00:24:18.528] [Server thread/WARN] [tombstone/]: The death event of the player ALEss0312 was canceled by another mod
[19May2025 00:24:18.529] [Server thread/INFO] [tombstone/]: The player ALEss0312 has successfully been saved
[19May2025 00:24:20.489] [Server thread/INFO] [net.minecraft.server.MinecraftServer/]: [Not Secure] <Jhonxd592> HNAS
[19May2025 00:24:24.780] [Server thread/INFO] [net.minecraft.server.MinecraftServer/]: ALEss0312 was slain by 01Kevin10
[19May2025 00:24:24.783] [Server thread/INFO] [com.tiviacz.travelersbackpack.TravelersBackpack/]: Created new backpack backup file for ALEss0312 with unique ID travelersbackpack.gold_19.05.2025-00.24.24.dat
[19May2025 00:24:24.785] [Server thread/INFO] [tombstone/]: The player ALEss0312 has successfully been saved
[19May2025 00:24:25.107] [Server thread/INFO] [com.esm.nightmare.MobBehavs.SpawnRideableMob/]: ESM - Init Rideable EntityEntity_Type and Jockey Lists...
[19May2025 00:24:25.107] [Server thread/INFO] [com.esm.nightmare.MobBehavs.SpawnRideableMob/]: Spawning Jockey at: BlockPos{x=451, y=31, z=558}
[19May2025 00:24:26.312] [Server thread/INFO] [net.minecraft.server.MinecraftServer/]: [Not Secure] <s22e310> c jun no chambea
[19May2025 00:24:26.359] [Server thread/INFO] [com.esm.nightmare.MobBehavs.SpawnRideableMob/]: ESM - Init Rideable EntityEntity_Type and Jockey Lists...
[19May2025 00:24:26.359] [Server thread/INFO] [com.esm.nightmare.MobBehavs.SpawnRideableMob/]: Spawning Jockey at: BlockPos{x=619, y=63, z=587}
[19May2025 00:24:36.282] [Server thread/INFO] [net.minecraft.server.MinecraftServer/]: [Not Secure] <Herondale> jun xd
[19May2025 00:24:38.110] [Server thread/INFO] [com.esm.nightmare.MobBehavs.SpawnRideableMob/]: ESM - Init Rideable EntityEntity_Type and Jockey Lists...
[19May2025 00:24:41.711] [Server thread/INFO] [com.esm.nightmare.MobBehavs.SpawnRideableMob/]: ESM - Init Rideable EntityEntity_Type and Jockey Lists...
[19May2025 00:25:02.434] [Server thread/INFO] [net.minecraft.server.MinecraftServer/]: [Not Secure] <Jhonxd592> YO ME ESTOYmurinedo
[19May2025 00:25:04.782] [Server thread/INFO] [net.minecraft.server.MinecraftServer/]: [Not Secure] <s22e310> https://meet.google.com/bvf-dbrs-ocg
[19May2025 00:25:10.910] [Server thread/INFO] [com.esm.nightmare.MobBehavs.SpawnRideableMob/]: ESM - Init Rideable EntityEntity_Type and Jockey Lists...
[19May2025 00:25:10.910] [Server thread/INFO] [com.esm.nightmare.MobBehavs.SpawnRideableMob/]: Spawning Jockey at: BlockPos{x=511, y=40, z=576}
[19May2025 00:25:12.130] [Server thread/INFO] [net.minecraft.server.MinecraftServer/]: [Not Secure] <s22e310> chever p q te kchen
[19May2025 00:25:17.631] [Server thread/INFO] [net.minecraft.server.MinecraftServer/]: [Not Secure] <01Kevin10> piola
[19May2025 00:25:18.958] [Server thread/INFO] [com.esm.nightmare.MobBehavs.SpawnRideableMob/]: ESM - Init Rideable EntityEntity_Type and Jockey Lists...
[19May2025 00:25:18.958] [Server thread/INFO] [com.esm.nightmare.MobBehavs.SpawnRideableMob/]: Spawning Jockey at: BlockPos{x=498, y=47, z=558}
[19May2025 00:25:24.087] [Server thread/INFO] [net.minecraft.server.MinecraftServer/]: [Not Secure] <01Kevin10> como copio de aca el meet
[19May2025 00:25:25.637] [Server thread/INFO] [net.minecraft.server.MinecraftServer/]: [Not Secure] <Herondale> 10 centimos por su chiste
[19May2025 00:25:34.524] [Server thread/INFO] [com.esm.nightmare.MobBehavs.SpawnRideableMob/]: ESM - Init Rideable EntityEntity_Type and Jockey Lists...
[19May2025 00:25:34.524] [Server thread/INFO] [com.esm.nightmare.MobBehavs.SpawnRideableMob/]: Spawning Jockey at: BlockPos{x=1112, y=90, z=385}
[19May2025 00:25:52.410] [Server thread/INFO] [com.esm.nightmare.MobBehavs.SpawnRideableMob/]: ESM - Init Rideable EntityEntity_Type and Jockey Lists...
[19May2025 00:25:58.409] [Server thread/INFO] [com.esm.nightmare.MobBehavs.SpawnRideableMob/]: ESM - Init Rideable EntityEntity_Type and Jockey Lists...
[19May2025 00:25:58.409] [Server thread/INFO] [com.esm.nightmare.MobBehavs.SpawnRideableMob/]: Spawning Jockey at: BlockPos{x=569, y=-12, z=562}
[19May2025 00:26:05.160] [Server thread/INFO] [com.esm.nightmare.MobBehavs.SpawnRideableMob/]: ESM - Init Rideable EntityEntity_Type and Jockey Lists...
[19May2025 00:26:14.423] [Server thread/INFO] [com.esm.nightmare.MobBehavs.SpawnRideableMob/]: ESM - Init Rideable EntityEntity_Type and Jockey Lists...
[19May2025 00:26:14.423] [Server thread/INFO] [com.esm.nightmare.MobBehavs.SpawnRideableMob/]: Spawning Jockey at: BlockPos{x=1140, y=69, z=427}
[19May2025 00:26:18.657] [Server thread/INFO] [com.esm.nightmare.MobBehavs.SpawnRideableMob/]: ESM - Init Rideable EntityEntity_Type and Jockey Lists...
[19May2025 00:26:31.323] [Server thread/INFO] [com.esm.nightmare.MobBehavs.SpawnRideableMob/]: ESM - Init Rideable EntityEntity_Type and Jockey Lists...
[19May2025 00:26:31.323] [Server thread/INFO] [com.esm.nightmare.MobBehavs.SpawnRideableMob/]: Spawning Jockey at: BlockPos{x=1137, y=71, z=401}
[19May2025 00:26:35.410] [Server thread/INFO] [com.esm.nightmare.MobBehavs.SpawnRideableMob/]: ESM - Init Rideable EntityEntity_Type and Jockey Lists...
[19May2025 00:26:35.410] [Server thread/INFO] [com.esm.nightmare.MobBehavs.SpawnRideableMob/]: Spawning Jockey at: BlockPos{x=476, y=4, z=579}
[19May2025 00:26:43.323] [Server thread/INFO] [com.esm.nightmare.MobBehavs.SpawnRideableMob/]: ESM - Init Rideable EntityEntity_Type and Jockey Lists...
[19May2025 00:26:43.323] [Server thread/INFO] [com.esm.nightmare.MobBehavs.SpawnRideableMob/]: Spawning Jockey at: BlockPos{x=1013, y=53, z=591}
[19May2025 00:26:45.110] [Server thread/INFO] [com.esm.nightmare.MobBehavs.SpawnRideableMob/]: ESM - Init Rideable EntityEntity_Type and Jockey Lists...
[19May2025 00:26:48.909] [Server thread/INFO] [com.esm.nightmare.MobBehavs.SpawnRideableMob/]: ESM - Init Rideable EntityEntity_Type and Jockey Lists...
[19May2025 00:26:52.209] [Server thread/INFO] [com.esm.nightmare.MobBehavs.SpawnRideableMob/]: ESM - Init Rideable EntityEntity_Type and Jockey Lists...
[19May2025 00:26:56.023] [Server thread/INFO] [com.esm.nightmare.MobBehavs.SpawnRideableMob/]: ESM - Init Rideable EntityEntity_Type and Jockey Lists...
[19May2025 00:26:56.024] [Server thread/INFO] [com.esm.nightmare.MobBehavs.SpawnRideableMob/]: Spawning Jockey at: BlockPos{x=1154, y=64, z=431}
[19May2025 00:26:56.659] [Server thread/INFO] [com.esm.nightmare.MobBehavs.SpawnRideableMob/]: ESM - Init Rideable EntityEntity_Type and Jockey Lists...
[19May2025 00:26:58.323] [Server thread/INFO] [com.esm.nightmare.MobBehavs.SpawnRideableMob/]: ESM - Init Rideable EntityEntity_Type and Jockey Lists...
[19May2025 00:26:58.323] [Server thread/INFO] [com.esm.nightmare.MobBehavs.SpawnRideableMob/]: Spawning Jockey at: BlockPos{x=970, y=57, z=412}
[19May2025 00:27:03.609] [Server thread/INFO] [com.esm.nightmare.MobBehavs.SpawnRideableMob/]: ESM - Init Rideable EntityEntity_Type and Jockey Lists...
[19May2025 00:27:05.574] [Server thread/INFO] [com.esm.nightmare.MobBehavs.SpawnRideableMob/]: ESM - Init Rideable EntityEntity_Type and Jockey Lists...
[19May2025 00:27:05.574] [Server thread/INFO] [com.esm.nightmare.MobBehavs.SpawnRideableMob/]: Spawning Jockey at: BlockPos{x=1061, y=116, z=562}
[19May2025 00:27:06.974] [Server thread/INFO] [com.esm.nightmare.MobBehavs.SpawnRideableMob/]: ESM - Init Rideable EntityEntity_Type and Jockey Lists...
[19May2025 00:27:06.974] [Server thread/INFO] [com.esm.nightmare.MobBehavs.SpawnRideableMob/]: Spawning Jockey at: BlockPos{x=951, y=58, z=449}
[19May2025 00:29:20.630] [Server thread/INFO] [net.minecraft.server.network.ServerGamePacketListenerImpl/]: Herondale lost connection: Disconnected
[19May2025 00:29:20.630] [Server thread/INFO] [net.minecraft.server.MinecraftServer/]: Herondale left the game
